#
# There is insufficient memory for the Java Runtime Environment to continue.
# Native memory allocation (mmap) failed to map 65536 bytes. Error detail: Failed to commit metaspace.
# Possible reasons:
#   The system is out of physical RAM or swap space
#   This process is running with CompressedOops enabled, and the Java Heap may be blocking the growth of the native heap
# Possible solutions:
#   Reduce memory load on the system
#   Increase physical memory or swap space
#   Check if swap backing store is full
#   Decrease Java heap size (-Xmx/-Xms)
#   Decrease number of Java threads
#   Decrease Java thread stack sizes (-Xss)
#   Set larger code cache with -XX:ReservedCodeCacheSize=
#     placed in the first 4GB address space. The Java Heap base address is the
#     maximum limit for the native heap growth. Please use -XX:HeapBaseMinAddress
#     to set the Java Heap base and to place the Java Heap above 4GB virtual address.
# This output file may be truncated or incomplete.
#
#  Out of Memory Error (virtualSpaceNode.cpp:112), pid=9072, tid=10076
#
# JRE version: OpenJDK Runtime Environment Temurin-21.0.3+9 (21.0.3+9) (build 21.0.3+9-LTS)
# Java VM: OpenJDK 64-Bit Server VM Temurin-21.0.3+9 (21.0.3+9-LTS, mixed mode, emulated-client, tiered, compressed oops, compressed class ptrs, g1 gc, windows-amd64)
# No core dump will be written. Minidumps are not enabled by default on client versions of Windows
#

---------------  S U M M A R Y ------------

Command Line: -Dcom.sun.management.jmxremote -Dcom.sun.management.jmxremote.port=51394 -Dcom.sun.management.jmxremote.authenticate=false -Dcom.sun.management.jmxremote.ssl=false -Djava.rmi.server.hostname=localhost -Dspring.jmx.enabled=true -Dmanagement.endpoints.jmx.exposure.include=* -Dspring.application.admin.enabled=true -XX:TieredStopAtLevel=1 -Dspring.boot.project.name=smart-bank -Dfile.encoding=UTF-8 -Dstdout.encoding=UTF-8 -Dstderr.encoding=UTF-8 -XX:+ShowCodeDetailsInExceptionMessages com.wipro.training.bank.SmartBankApplication --spring.output.ansi.enabled=always

Host: Intel(R) Core(TM) i3-6006U CPU @ 2.00GHz, 4 cores, 3G,  Windows 11 , 64 bit Build 22621 (10.0.22621.2428)
Time: Tue Sep 17 11:04:20 2024 India Standard Time elapsed time: 15.313502 seconds (0d 0h 0m 15s)

---------------  T H R E A D  ---------------

Current thread (0x000002131b51a530):  JavaThread "restartedMain"        [_thread_in_vm, id=10076, stack(0x0000002eb6600000,0x0000002eb6700000) (1024K)]

Stack: [0x0000002eb6600000,0x0000002eb6700000]
Native frames: (J=compiled Java code, j=interpreted, Vv=VM code, C=native code)
V  [jvm.dll+0x6c8699]
V  [jvm.dll+0x8a2061]
V  [jvm.dll+0x8a458e]
V  [jvm.dll+0x8a4c63]
V  [jvm.dll+0x27e476]
V  [jvm.dll+0x89ddae]
V  [jvm.dll+0x66b525]
V  [jvm.dll+0x1e3f8c]
V  [jvm.dll+0x1e3d5e]
V  [jvm.dll+0x66de22]
V  [jvm.dll+0x66dc42]
V  [jvm.dll+0x66befe]
V  [jvm.dll+0x216511]
V  [jvm.dll+0x20b347]
V  [jvm.dll+0x5a9c8c]
V  [jvm.dll+0x81b766]
V  [jvm.dll+0x46d560]
V  [jvm.dll+0x473408]
C  [java.dll+0x17ec]

Java frames: (J=compiled Java code, j=interpreted, Vv=VM code)
J 1487  java.lang.ClassLoader.defineClass1(Ljava/lang/ClassLoader;Ljava/lang/String;[BIILjava/security/ProtectionDomain;Ljava/lang/String;)Ljava/lang/Class; java.base@21.0.3 (0 bytes) @ 0x0000021310398289 [0x00000213103981c0+0x00000000000000c9]
J 1526 c1 java.lang.ClassLoader.defineClass(Ljava/lang/String;[BIILjava/security/ProtectionDomain;)Ljava/lang/Class; java.base@21.0.3 (43 bytes) @ 0x00000213103ad4fc [0x00000213103ad3e0+0x000000000000011c]
J 1528 c1 jdk.internal.loader.BuiltinClassLoader.defineClass(Ljava/lang/String;Ljdk/internal/loader/Resource;)Ljava/lang/Class; java.base@21.0.3 (121 bytes) @ 0x00000213103aebf4 [0x00000213103ae6c0+0x0000000000000534]
J 1527 c1 jdk.internal.loader.BuiltinClassLoader.findClassOnClassPathOrNull(Ljava/lang/String;)Ljava/lang/Class; java.base@21.0.3 (64 bytes) @ 0x00000213103add24 [0x00000213103ada60+0x00000000000002c4]
J 1222 c1 jdk.internal.loader.BuiltinClassLoader.loadClassOrNull(Ljava/lang/String;Z)Ljava/lang/Class; java.base@21.0.3 (143 bytes) @ 0x0000021310327b6c [0x0000021310327780+0x00000000000003ec]
J 1393 c1 jdk.internal.loader.ClassLoaders$AppClassLoader.loadClass(Ljava/lang/String;Z)Ljava/lang/Class; java.base@21.0.3 (40 bytes) @ 0x000002131036f28c [0x000002131036f240+0x000000000000004c]
J 1388 c1 java.lang.ClassLoader.loadClass(Ljava/lang/String;)Ljava/lang/Class; java.base@21.0.3 (7 bytes) @ 0x000002131036da14 [0x000002131036d9c0+0x0000000000000054]
v  ~StubRoutines::call_stub 0x000002131005100d
j  org.springframework.boot.cloud.CloudFoundryVcapEnvironmentPostProcessor.postProcessEnvironment(Lorg/springframework/core/env/ConfigurableEnvironment;Lorg/springframework/boot/SpringApplication;)V+0
j  org.springframework.boot.env.EnvironmentPostProcessorApplicationListener.onApplicationEnvironmentPreparedEvent(Lorg/springframework/boot/context/event/ApplicationEnvironmentPreparedEvent;)V+55
j  org.springframework.boot.env.EnvironmentPostProcessorApplicationListener.onApplicationEvent(Lorg/springframework/context/ApplicationEvent;)V+14
j  org.springframework.context.event.SimpleApplicationEventMulticaster.doInvokeListener(Lorg/springframework/context/ApplicationListener;Lorg/springframework/context/ApplicationEvent;)V+2
j  org.springframework.context.event.SimpleApplicationEventMulticaster.invokeListener(Lorg/springframework/context/ApplicationListener;Lorg/springframework/context/ApplicationEvent;)V+34
j  org.springframework.context.event.SimpleApplicationEventMulticaster.multicastEvent(Lorg/springframework/context/ApplicationEvent;Lorg/springframework/core/ResolvableType;)V+104
j  org.springframework.context.event.SimpleApplicationEventMulticaster.multicastEvent(Lorg/springframework/context/ApplicationEvent;)V+3
j  org.springframework.boot.context.event.EventPublishingRunListener.multicastInitialEvent(Lorg/springframework/context/ApplicationEvent;)V+9
j  org.springframework.boot.context.event.EventPublishingRunListener.environmentPrepared(Lorg/springframework/boot/ConfigurableBootstrapContext;Lorg/springframework/core/env/ConfigurableEnvironment;)V+18
j  org.springframework.boot.SpringApplicationRunListeners.lambda$environmentPrepared$2(Lorg/springframework/boot/ConfigurableBootstrapContext;Lorg/springframework/core/env/ConfigurableEnvironment;Lorg/springframework/boot/SpringApplicationRunListener;)V+3
j  org.springframework.boot.SpringApplicationRunListeners$$Lambda+0x000000010022a290.accept(Ljava/lang/Object;)V+12
j  java.lang.Iterable.forEach(Ljava/util/function/Consumer;)V+30 java.base@21.0.3
j  org.springframework.boot.SpringApplicationRunListeners.doWithListeners(Ljava/lang/String;Ljava/util/function/Consumer;Ljava/util/function/Consumer;)V+17
j  org.springframework.boot.SpringApplicationRunListeners.doWithListeners(Ljava/lang/String;Ljava/util/function/Consumer;)V+4
j  org.springframework.boot.SpringApplicationRunListeners.environmentPrepared(Lorg/springframework/boot/ConfigurableBootstrapContext;Lorg/springframework/core/env/ConfigurableEnvironment;)V+10
j  org.springframework.boot.SpringApplication.prepareEnvironment(Lorg/springframework/boot/SpringApplicationRunListeners;Lorg/springframework/boot/DefaultBootstrapContext;Lorg/springframework/boot/ApplicationArguments;)Lorg/springframework/core/env/ConfigurableEnvironment;+27
j  org.springframework.boot.SpringApplication.run([Ljava/lang/String;)Lorg/springframework/context/ConfigurableApplicationContext;+62
j  org.springframework.boot.SpringApplication.run([Ljava/lang/Class;[Ljava/lang/String;)Lorg/springframework/context/ConfigurableApplicationContext;+9
j  org.springframework.boot.SpringApplication.run(Ljava/lang/Class;[Ljava/lang/String;)Lorg/springframework/context/ConfigurableApplicationContext;+9
j  com.wipro.training.bank.SmartBankApplication.main([Ljava/lang/String;)V+3
j  java.lang.invoke.LambdaForm$DMH+0x00000001000c0000.invokeStatic(Ljava/lang/Object;Ljava/lang/Object;)V+10 java.base@21.0.3
j  java.lang.invoke.LambdaForm$MH+0x0000000100208800.invoke(Ljava/lang/Object;Ljava/lang/Object;Ljava/lang/Object;)Ljava/lang/Object;+33 java.base@21.0.3
j  java.lang.invoke.Invokers$Holder.invokeExact_MT(Ljava/lang/Object;Ljava/lang/Object;Ljava/lang/Object;Ljava/lang/Object;)Ljava/lang/Object;+20 java.base@21.0.3
j  jdk.internal.reflect.DirectMethodHandleAccessor.invokeImpl(Ljava/lang/Object;[Ljava/lang/Object;)Ljava/lang/Object;+55 java.base@21.0.3
j  jdk.internal.reflect.DirectMethodHandleAccessor.invoke(Ljava/lang/Object;[Ljava/lang/Object;)Ljava/lang/Object;+23 java.base@21.0.3
j  java.lang.reflect.Method.invoke(Ljava/lang/Object;[Ljava/lang/Object;)Ljava/lang/Object;+102 java.base@21.0.3
j  org.springframework.boot.devtools.restart.RestartLauncher.run()V+47
v  ~StubRoutines::call_stub 0x000002131005100d

Compiled method (n/a)   16148 1487     n 0       java.lang.ClassLoader::defineClass1 (native)
 total in heap  [0x0000021310398010,0x0000021310398668] = 1624
 relocation     [0x0000021310398170,0x00000213103981a8] = 56
 main code      [0x00000213103981c0,0x0000021310398667] = 1191
 stub code      [0x0000021310398667,0x0000021310398668] = 1

[Constant Pool (empty)]

[MachCode]
[Entry Point]
  # {method} {0x00000213170272b8} 'defineClass1' '(Ljava/lang/ClassLoader;Ljava/lang/String;[BIILjava/security/ProtectionDomain;Ljava/lang/String;)Ljava/lang/Class;' in 'java/lang/ClassLoader'
  # parm0:    rdx:rdx   = 'java/lang/ClassLoader'
  # parm1:    r8:r8     = 'java/lang/String'
  # parm2:    r9:r9     = '[B'
  # parm3:    rdi       = int
  # parm4:    rsi       = int
  # parm5:    rcx:rcx   = 'java/security/ProtectionDomain'
  # parm6:    [sp+0xa0]   = 'java/lang/String'  (sp of caller)
  0x00000213103981c0: 448b 5208 | 49c1 e203 | 493b c20f | 8407 0000 

  0x00000213103981d0: ;   {runtime_call ic_miss_stub}
  0x00000213103981d0: 00e9 aa65 | d0ff 6690 
[Verified Entry Point]
  0x00000213103981d8: 8984 2400 | 80ff ff55 | 488b ec48 | 81ec 9000 | 0000 6690 | 4181 7f20 | 0100 0000 

  0x00000213103981f4: ;   {runtime_call StubRoutines (final stubs)}
  0x00000213103981f4: 7405 e825 | cbce ff48 | 837d 1000 | 488d 4510 | 480f 4445 | 1048 8944 | 2440 4889 | 4c24 7048 
  0x0000021310398214: 83f9 0048 | 8d44 2470 | 480f 4444 | 2470 4889 | 4424 3848 | 8974 2430 | 4889 7c24 | 284c 894c 
  0x0000021310398234: 2458 4983 | f900 488d | 4424 5848 | 0f44 4424 | 5848 8944 | 2420 4c89 | 4424 5049 | 83f8 004c 
  0x0000021310398254: 8d4c 2450 | 4c0f 444c | 2450 4889 | 5424 4848 | 83fa 004c | 8d44 2448 | 4c0f 4444 

  0x0000021310398270: ;   {oop(a 'java/lang/Class'{0x00000000c1745778} = 'java/lang/ClassLoader')}
  0x0000021310398270: 2448 49be | 7857 74c1 | 0000 0000 | 4c89 7424 | 784c 8d74 | 2478 498b | d6c5 f877 

  0x000002131039828c: ;   {internal_word}
  0x000002131039828c: 49ba 8982 | 3910 1302 | 0000 4d89 | 97a0 0300 | 0049 89a7 | 9803 0000 

  0x00000213103982a4: ;   {external_word}
  0x00000213103982a4: 49ba 189a | d06e fe7f | 0000 4180 | 3a00 0f84 | 4e00 0000 | 5241 5041 

  0x00000213103982bc: ;   {metadata({method} {0x00000213170272b8} 'defineClass1' '(Ljava/lang/ClassLoader;Ljava/lang/String;[BIILjava/security/ProtectionDomain;Ljava/lang/String;)Ljava/lang/Class;' in 'java/lang/ClassLoader')}
  0x00000213103982bc: 5148 bab0 | 7202 1713 | 0200 0049 | 8bcf 4883 | ec20 40f6 | c40f 0f84 | 1900 0000 | 4883 ec08 
  0x00000213103982dc: ;   {runtime_call}
  0x00000213103982dc: 48b8 30f1 | 7a6e fe7f | 0000 ffd0 | 4883 c408 | e90c 0000 

  0x00000213103982f0: ;   {runtime_call}
  0x00000213103982f0: 0048 b830 | f17a 6efe | 7f00 00ff | d048 83c4 | 2041 5941 | 585a 498d | 8fb8 0300 | 0041 c787 
  0x0000021310398310: 4c04 0000 | 0400 0000 

  0x0000021310398318: ;   {runtime_call}
  0x0000021310398318: 48b8 ac16 | 4dcc fe7f | 0000 ffd0 | c5f8 7741 | c787 4c04 | 0000 0500 | 0000 f083 | 4424 c000 
  0x0000021310398338: 493b af50 | 0400 000f | 870e 0000 | 0041 83bf | 4804 0000 | 000f 842b | 0000 00c5 | f877 4889 
  0x0000021310398358: 45f8 498b | cf4c 8be4 | 4883 ec20 | 4883 e4f0 

  0x0000021310398368: ;   {runtime_call}
  0x0000021310398368: 48b8 108e | 466e fe7f | 0000 ffd0 | 498b e44d | 33e4 488b | 45f8 41c7 | 874c 0400 | 0008 0000 
  0x0000021310398388: 0041 83bf | c804 0000 | 020f 84a3 

  0x0000021310398394: ;   {external_word}
  0x0000021310398394: 0200 0049 | ba18 9ad0 | 6efe 7f00 | 0041 803a | 000f 844c | 0000 0048 

  0x00000213103983ac: ;   {metadata({method} {0x00000213170272b8} 'defineClass1' '(Ljava/lang/ClassLoader;Ljava/lang/String;[BIILjava/security/ProtectionDomain;Ljava/lang/String;)Ljava/lang/Class;' in 'java/lang/ClassLoader')}
  0x00000213103983ac: 8945 f848 | bab0 7202 | 1713 0200 | 0049 8bcf | 4883 ec20 | 40f6 c40f | 0f84 1900 | 0000 4883 
  0x00000213103983cc: ;   {runtime_call}
  0x00000213103983cc: ec08 48b8 | 30f1 7a6e | fe7f 0000 | ffd0 4883 | c408 e90c 

  0x00000213103983e0: ;   {runtime_call}
  0x00000213103983e0: 0000 0048 | b830 f17a | 6efe 7f00 | 00ff d048 | 83c4 2048 | 8b45 f849 | c787 9803 | 0000 0000 
  0x0000021310398400: 0000 49c7 | 87a0 0300 | 0000 0000 | 00c5 f877 | 4885 c00f | 84fe 0100 | 00a8 030f | 8508 0000 
  0x0000021310398420: 0048 8b00 | e9ee 0100 | 00a8 010f | 8509 0000 | 0048 8b40 | fee9 dd01 | 0000 488b | 40ff 4180 
  0x0000021310398440: 7f40 000f | 84ce 0100 | 0048 83f8 | 000f 84c4 | 0100 0049 | 8b4f 2848 | 83f9 000f | 8414 0000 
  0x0000021310398460: 0048 83e9 | 0849 894f | 2849 034f | 3848 8901 | e9a2 0100 | 0048 81ec | d000 0000 | 4889 0424 
  0x0000021310398480: 4889 4c24 | 0848 8954 | 2410 4889 | 7424 1848 | 897c 2420 | 4c89 4424 | 284c 894c | 2430 4c89 
  0x00000213103984a0: 5424 384c | 895c 2440 | c5fb 1144 | 2450 c5fb | 114c 2458 | c5fb 1154 | 2460 c5fb | 115c 2468 
  0x00000213103984c0: c5fb 1164 | 2470 c5fb | 116c 2478 | c5fb 11b4 | 2480 0000 | 00c5 fb11 | bc24 8800 | 0000 c57b 
  0x00000213103984e0: ;   {no_reloc}
  0x00000213103984e0: 1184 2490 | 0000 00c5 | 7b11 8c24 | 9800 0000 | c57b 1194 | 24a0 0000 | 00c5 7b11 | 9c24 a800 
  0x0000021310398500: 0000 c57b | 11a4 24b0 | 0000 00c5 | 7b11 ac24 | b800 0000 | c57b 11b4 | 24c0 0000 | 00c5 7b11 
  0x0000021310398520: bc24 c800 | 0000 498b | d748 8bc8 | 4883 ec20 | 40f6 c40f | 0f84 1900 | 0000 4883 

  0x000002131039853c: ;   {runtime_call}
  0x000002131039853c: ec08 48b8 | 60f6 396e | fe7f 0000 | ffd0 4883 | c408 e90c 

  0x0000021310398550: ;   {runtime_call}
  0x0000021310398550: 0000 0048 | b860 f639 | 6efe 7f00 | 00ff d048 | 83c4 20c5 | 7b10 bc24 | c800 0000 | c57b 10b4 
  0x0000021310398570: 24c0 0000 | 00c5 7b10 | ac24 b800 | 0000 c57b | 10a4 24b0 | 0000 00c5 | 7b10 9c24 | a800 0000 
  0x0000021310398590: c57b 1094 | 24a0 0000 | 00c5 7b10 | 8c24 9800 | 0000 c57b | 1084 2490 | 0000 00c5 | fb10 bc24 
  0x00000213103985b0: 8800 0000 | c5fb 10b4 | 2480 0000 | 00c5 fb10 | 6c24 78c5 | fb10 6424 | 70c5 fb10 | 5c24 68c5 
  0x00000213103985d0: fb10 5424 | 60c5 fb10 | 4c24 58c5 | fb10 4424 | 504c 8b5c | 2440 4c8b | 5424 384c | 8b4c 2430 
  0x00000213103985f0: 4c8b 4424 | 2848 8b7c | 2420 488b | 7424 1848 | 8b54 2410 | 488b 4c24 | 0848 8b04 | 2448 81c4 
  0x0000021310398610: d000 0000 | c5f8 7749 | 8b8f 2804 | 0000 c781 | 0001 0000 | 0000 0000 | c949 837f | 0800 0f85 
  0x0000021310398630: 0100 0000 

  0x0000021310398634: ;   {runtime_call StubRoutines (initial stubs)}
  0x0000021310398634: c3e9 c688 | cbff c5f8 | 7748 8945 | f84c 8be4 | 4883 ec20 | 4883 e4f0 

  0x000002131039864c: ;   {runtime_call}
  0x000002131039864c: 48b8 1029 | 7b6e fe7f | 0000 ffd0 | 498b e44d | 33e4 488b | 45f8 e930 | fdff fff4 
[/MachCode]


Compiled method (c1)   16203 1526       1       java.lang.ClassLoader::defineClass (43 bytes)
 total in heap  [0x00000213103ad210,0x00000213103ad7d0] = 1472
 relocation     [0x00000213103ad370,0x00000213103ad3e0] = 112
 main code      [0x00000213103ad3e0,0x00000213103ad5a0] = 448
 stub code      [0x00000213103ad5a0,0x00000213103ad618] = 120
 metadata       [0x00000213103ad618,0x00000213103ad648] = 48
 scopes data    [0x00000213103ad648,0x00000213103ad700] = 184
 scopes pcs     [0x00000213103ad700,0x00000213103ad7a0] = 160
 dependencies   [0x00000213103ad7a0,0x00000213103ad7a8] = 8
 nul chk table  [0x00000213103ad7a8,0x00000213103ad7d0] = 40

[Constant Pool (empty)]

[MachCode]
[Entry Point]
  # {method} {0x0000021317027098} 'defineClass' '(Ljava/lang/String;[BIILjava/security/ProtectionDomain;)Ljava/lang/Class;' in 'java/lang/ClassLoader'
  # this:     rdx:rdx   = 'java/lang/ClassLoader'
  # parm0:    r8:r8     = 'java/lang/String'
  # parm1:    r9:r9     = '[B'
  # parm2:    rdi       = int
  # parm3:    rsi       = int
  # parm4:    rcx:rcx   = 'java/security/ProtectionDomain'
  #           [sp+0xc0]  (sp of caller)
  0x00000213103ad3e0: 448b 5208 | 49c1 e203 

  0x00000213103ad3e8: ;   {runtime_call ic_miss_stub}
  0x00000213103ad3e8: 4c3b d00f | 858f 13cf | ff66 6666 | 0f1f 8400 | 0000 0000 | 6666 6690 
[Verified Entry Point]
  0x00000213103ad400: 8984 2400 | 80ff ff55 | 4881 ecb0 | 0000 0090 | 4181 7f20 | 0100 0000 

  0x00000213103ad418: ;   {runtime_call StubRoutines (final stubs)}
  0x00000213103ad418: 7405 e801 | 79cd ff48 | 8954 2478 | 89b4 2494 | 0000 0089 | bc24 9000 | 0000 4c89 | 8c24 8800 
  0x00000213103ad438: 0000 498b | d84c 8bc3 | 4c8b c948 | 8bca 488b | d148 899c | 2480 0000 | 0066 0f1f 

  0x00000213103ad454: ;   {optimized virtual_call}
  0x00000213103ad454: 4400 00e8 

  0x00000213103ad458: ; ImmutableOopMap {[120]=Oop [128]=Oop [136]=Oop }
                      ;*invokevirtual preDefineClass {reexecute=0 rethrow=0 return_oop=0}
                      ; - java.lang.ClassLoader::defineClass@4 (line 1025)
  0x00000213103ad458: e4ac 0300 

  0x00000213103ad45c: ;   {other}
  0x00000213103ad45c: 0f1f 8400 | 4c02 0000 | 4889 8424 | 9800 0000 

  0x00000213103ad46c: ; implicit exception: dispatches to 0x00000213103ad54a
  0x00000213103ad46c: 448b 4010 | 4d85 c00f | 850f 0000 

  0x00000213103ad478: ;   {oop(nullptr)}
  0x00000213103ad478: 0048 bb00 | 0000 0000 | 0000 00e9 | 3f00 0000 

  0x00000213103ad488: ; implicit exception: dispatches to 0x00000213103ad54f
  0x00000213103ad488: 458b 400c | 4d85 c00f | 850f 0000 

  0x00000213103ad494: ;   {oop(nullptr)}
  0x00000213103ad494: 0048 bb00 | 0000 0000 | 0000 00e9 | 2300 0000 

  0x00000213103ad4a4: ; implicit exception: dispatches to 0x00000213103ad554
  0x00000213103ad4a4: 418b 5038 

  0x00000213103ad4a8: ; implicit exception: dispatches to 0x00000213103ad559
  0x00000213103ad4a8: 483b 020f 

  0x00000213103ad4ac: ;   {optimized virtual_call}
  0x00000213103ad4ac: 1f40 00e8 

  0x00000213103ad4b0: ; ImmutableOopMap {[120]=Oop [128]=Oop [136]=Oop [152]=Oop }
                      ;*invokevirtual toExternalForm {reexecute=0 rethrow=0 return_oop=0}
                      ; - java.net.URL::toExternalForm@5 (line 1203)
                      ; - java.net.URL::toString@1 (line 1189)
                      ; - java.lang.ClassLoader::defineClassSourceLocation@22 (line 927)
                      ; - java.lang.ClassLoader::defineClass@12 (line 1026)
  0x00000213103ad4b0: cc59 fdff 

  0x00000213103ad4b4: ;   {other}
  0x00000213103ad4b4: 0f1f 8400 | a402 0001 | 488b d848 | 8b84 2498 | 0000 008b | b424 9400 | 0000 8bbc | 2490 0000 
  0x00000213103ad4d4: 004c 8b8c | 2488 0000 | 004c 8b84 | 2480 0000 | 0048 8b54 | 2478 4c8b | da49 8bd3 | 488b c848 
  0x00000213103ad4f4: ;   {static_call}
  0x00000213103ad4f4: 891c 24e8 

  0x00000213103ad4f8: ; ImmutableOopMap {[120]=Oop [152]=Oop }
                      ;*invokestatic defineClass1 {reexecute=0 rethrow=0 return_oop=0}
                      ; - java.lang.ClassLoader::defineClass@27 (line 1027)
  0x00000213103ad4f8: dcac feff 

  0x00000213103ad4fc: ;   {other}
  0x00000213103ad4fc: 0f1f 8400 | ec02 0002 | 4c8b c04c | 8b8c 2498 | 0000 0048 | 8b54 2478 | 4889 8424 | a000 0000 
  0x00000213103ad51c: ;   {optimized virtual_call}
  0x00000213103ad51c: 6666 90e8 

  0x00000213103ad520: ; ImmutableOopMap {[160]=Oop }
                      ;*invokevirtual postDefineClass {reexecute=0 rethrow=0 return_oop=0}
                      ; - java.lang.ClassLoader::defineClass@37 (line 1028)
  0x00000213103ad520: dcc3 0300 

  0x00000213103ad524: ;   {other}
  0x00000213103ad524: 0f1f 8400 | 1403 0003 | 488b 8424 | a000 0000 | 4881 c4b0 | 0000 005d 

  0x00000213103ad53c: ;   {poll_return}
  0x00000213103ad53c: 493b a750 | 0400 000f | 8715 0000 

  0x00000213103ad548: ;   {runtime_call throw_null_pointer_exception Runtime1 stub}
  0x00000213103ad548: 00c3 e831 

  0x00000213103ad54c: ; ImmutableOopMap {rax=Oop [120]=Oop [128]=Oop [136]=Oop [152]=Oop }
                      ;*invokevirtual getCodeSource {reexecute=0 rethrow=0 return_oop=0}
                      ; - java.lang.ClassLoader::defineClassSourceLocation@1 (line 924)
                      ; - java.lang.ClassLoader::defineClass@12 (line 1026)
                      ;   {runtime_call throw_null_pointer_exception Runtime1 stub}
  0x00000213103ad54c: 26da ffe8 

  0x00000213103ad550: ; ImmutableOopMap {rax=Oop [120]=Oop [128]=Oop [136]=Oop [152]=Oop }
                      ;*invokevirtual getLocation {reexecute=0 rethrow=0 return_oop=0}
                      ; - java.lang.ClassLoader::defineClassSourceLocation@12 (line 926)
                      ; - java.lang.ClassLoader::defineClass@12 (line 1026)
  0x00000213103ad550: 2c26 daff 

  0x00000213103ad554: ;   {runtime_call throw_null_pointer_exception Runtime1 stub}
  0x00000213103ad554: e827 26da 

  0x00000213103ad558: ; ImmutableOopMap {r8=Oop [120]=Oop [128]=Oop [136]=Oop [152]=Oop }
                      ;*invokevirtual toString {reexecute=0 rethrow=0 return_oop=0}
                      ; - java.lang.ClassLoader::defineClassSourceLocation@22 (line 927)
                      ; - java.lang.ClassLoader::defineClass@12 (line 1026)
                      ;   {runtime_call throw_null_pointer_exception Runtime1 stub}
  0x00000213103ad558: ffe8 2226 

  0x00000213103ad55c: ; ImmutableOopMap {r8=Oop rdx=Oop [120]=Oop [128]=Oop [136]=Oop [152]=Oop }
                      ;*invokevirtual toExternalForm {reexecute=0 rethrow=0 return_oop=0}
                      ; - java.net.URL::toExternalForm@5 (line 1203)
                      ; - java.net.URL::toString@1 (line 1189)
                      ; - java.lang.ClassLoader::defineClassSourceLocation@22 (line 927)
                      ; - java.lang.ClassLoader::defineClass@12 (line 1026)
                      ;   {internal_word}
  0x00000213103ad55c: daff 49ba | 3cd5 3a10 | 1302 0000 | 4d89 9768 

  0x00000213103ad56c: ;   {runtime_call SafepointBlob}
  0x00000213103ad56c: 0400 00e9 | 8c81 cfff | 498b 8700 | 0500 0049 | c787 0005 | 0000 0000 | 0000 49c7 | 8708 0500 
  0x00000213103ad58c: 0000 0000 | 0048 81c4 | b000 0000 

  0x00000213103ad598: ;   {runtime_call unwind_exception Runtime1 stub}
  0x00000213103ad598: 5de9 e216 | daff f4f4 
[Stub Code]
  0x00000213103ad5a0: ;   {no_reloc}
  0x00000213103ad5a0: 0f1f 4400 

  0x00000213103ad5a4: ;   {static_stub}
  0x00000213103ad5a4: 0048 bb00 | 0000 0000 

  0x00000213103ad5ac: ;   {runtime_call}
  0x00000213103ad5ac: 0000 00e9 | fbff ffff 

  0x00000213103ad5b4: ;   {static_stub}
  0x00000213103ad5b4: 48bb 486d | 0217 1302 

  0x00000213103ad5bc: ;   {runtime_call I2C/C2I adapters}
  0x00000213103ad5bc: 0000 e99f 

  0x00000213103ad5c0: ;   {static_stub}
  0x00000213103ad5c0: d7ce ff48 | bb00 0000 | 0000 0000 

  0x00000213103ad5cc: ;   {runtime_call}
  0x00000213103ad5cc: 00e9 fbff 

  0x00000213103ad5d0: ;   {static_stub}
  0x00000213103ad5d0: ffff 48bb | 506f 0217 | 1302 0000 

  0x00000213103ad5dc: ;   {runtime_call I2C/C2I adapters}
  0x00000213103ad5dc: e981 d7ce 

  0x00000213103ad5e0: ;   {runtime_call handle_exception_from_callee Runtime1 stub}
  0x00000213103ad5e0: ffe8 9a43 

  0x00000213103ad5e4: ;   {external_word}
  0x00000213103ad5e4: daff 48b9 | 70e0 a66e | fe7f 0000 | 4883 e4f0 

  0x00000213103ad5f4: ;   {runtime_call}
  0x00000213103ad5f4: 48b8 60f6 | 696e fe7f | 0000 ffd0 

  0x00000213103ad600: ;   {section_word}
  0x00000213103ad600: f449 ba01 | d63a 1013 | 0200 0041 

  0x00000213103ad60c: ;   {runtime_call DeoptimizationBlob}
  0x00000213103ad60c: 52e9 8e73 | cfff f4f4 | f4f4 f4f4 
[/MachCode]


Compiled method (c1)   16229 1528       1       jdk.internal.loader.BuiltinClassLoader::defineClass (121 bytes)
 total in heap  [0x00000213103ae410,0x00000213103af300] = 3824
 relocation     [0x00000213103ae570,0x00000213103ae6b8] = 328
 main code      [0x00000213103ae6c0,0x00000213103aed60] = 1696
 stub code      [0x00000213103aed60,0x00000213103aee80] = 288
 metadata       [0x00000213103aee80,0x00000213103aeec8] = 72
 scopes data    [0x00000213103aeec8,0x00000213103af120] = 600
 scopes pcs     [0x00000213103af120,0x00000213103af2c0] = 416
 dependencies   [0x00000213103af2c0,0x00000213103af2c8] = 8
 handler table  [0x00000213103af2c8,0x00000213103af2e0] = 24
 nul chk table  [0x00000213103af2e0,0x00000213103af300] = 32

[Constant Pool (empty)]

[MachCode]
[Entry Point]
  # {method} {0x000002131710df30} 'defineClass' '(Ljava/lang/String;Ljdk/internal/loader/Resource;)Ljava/lang/Class;' in 'jdk/internal/loader/BuiltinClassLoader'
  # this:     rdx:rdx   = 'jdk/internal/loader/BuiltinClassLoader'
  # parm0:    r8:r8     = 'java/lang/String'
  # parm1:    r9:r9     = 'jdk/internal/loader/Resource'
  #           [sp+0x110]  (sp of caller)
  0x00000213103ae6c0: 448b 5208 | 49c1 e203 

  0x00000213103ae6c8: ;   {runtime_call ic_miss_stub}
  0x00000213103ae6c8: 4c3b d00f | 85af 00cf | ff66 6666 | 0f1f 8400 | 0000 0000 | 6666 6690 
[Verified Entry Point]
  0x00000213103ae6e0: 8984 2400 | 80ff ff55 | 4881 ec00 | 0100 0090 | 4181 7f20 | 0100 0000 

  0x00000213103ae6f8: ;   {runtime_call StubRoutines (final stubs)}
  0x00000213103ae6f8: 7405 e821 | 66cd ff48 | 8994 24a0 | 0000 004c | 8984 2490 | 0000 004c | 898c 2498 | 0000 0049 
  0x00000213103ae718: 8bd1 6666 | 9048 b828 | 9c17 0001 

  0x00000213103ae724: ;   {virtual_call}
  0x00000213103ae724: 0000 00e8 

  0x00000213103ae728: ; ImmutableOopMap {[144]=Oop [152]=Oop [160]=Oop }
                      ;*invokevirtual getCodeSourceURL {reexecute=0 rethrow=0 return_oop=0}
                      ; - jdk.internal.loader.BuiltinClassLoader::defineClass@1 (line 842)
  0x00000213103ae728: f44f 0000 

  0x00000213103ae72c: ;   {other}
  0x00000213103ae72c: 0f1f 8400 | 1c03 0000 | 4889 8424 | a800 0000 | 4c8b 8424 | 9000 0000 

  0x00000213103ae744: ; implicit exception: dispatches to 0x00000213103aec62
  0x00000213103ae744: 418b 7014 

  0x00000213103ae748: ; implicit exception: dispatches to 0x00000213103aec67
  0x00000213103ae748: 8b56 0c45 | 0fbe 4810 | 498b c9c1 | e118 c1f9 | 18d3 fa48 | 8bfa ffcf | 4585 c9ba | 0000 0000 
  0x00000213103ae768: 7505 ba01 | 0000 0083 | e201 85d2 | 488b d641 | b82e 0000 | 004c 8bcf | 0f84 1300 

  0x00000213103ae784: ;   {static_call}
  0x00000213103ae784: 0000 90e8 

  0x00000213103ae788: ; ImmutableOopMap {[144]=Oop [152]=Oop [160]=Oop [168]=Oop }
                      ;*invokestatic lastIndexOf {reexecute=0 rethrow=0 return_oop=0}
                      ; - java.lang.String::lastIndexOf@13 (line 2573)
                      ; - java.lang.String::lastIndexOf@8 (line 2535)
                      ; - jdk.internal.loader.BuiltinClassLoader::defineClass@8 (line 845)
  0x00000213103ae788: 340b e1ff 

  0x00000213103ae78c: ;   {other}
  0x00000213103ae78c: 0f1f 8400 | 7c03 0001 | e913 0000 | 0066 0f1f 

  0x00000213103ae79c: ;   {static_call}
  0x00000213103ae79c: 4400 00e8 

  0x00000213103ae7a0: ; ImmutableOopMap {[144]=Oop [152]=Oop [160]=Oop [168]=Oop }
                      ;*invokestatic lastIndexOf {reexecute=0 rethrow=0 return_oop=0}
                      ; - java.lang.String::lastIndexOf@25 (line 2574)
                      ; - java.lang.String::lastIndexOf@8 (line 2535)
                      ; - jdk.internal.loader.BuiltinClassLoader::defineClass@8 (line 845)
  0x00000213103ae7a0: dc08 cfff 

  0x00000213103ae7a4: ;   {other}
  0x00000213103ae7a4: 0f1f 8400 | 9403 0002 | 83f8 ff0f | 847f 0000 | 0041 b800 | 0000 004c | 8bc8 488b | 9424 9000 
  0x00000213103ae7c4: ;   {optimized virtual_call}
  0x00000213103ae7c4: 0000 90e8 

  0x00000213103ae7c8: ; ImmutableOopMap {[144]=Oop [152]=Oop [160]=Oop [168]=Oop }
                      ;*invokevirtual substring {reexecute=0 rethrow=0 return_oop=0}
                      ; - jdk.internal.loader.BuiltinClassLoader::defineClass@23 (line 847)
  0x00000213103ae7c8: b40e dfff 

  0x00000213103ae7cc: ;   {other}
  0x00000213103ae7cc: 0f1f 8400 | bc03 0003 | 488b 9424 | 9800 0000 | 4889 8424 | b000 0000 | 9048 b828 | 9c17 0001 
  0x00000213103ae7ec: ;   {virtual_call}
  0x00000213103ae7ec: 0000 00e8 

  0x00000213103ae7f0: ; ImmutableOopMap {[144]=Oop [152]=Oop [160]=Oop [168]=Oop [176]=Oop }
                      ;*invokevirtual getManifest {reexecute=0 rethrow=0 return_oop=0}
                      ; - jdk.internal.loader.BuiltinClassLoader::defineClass@29 (line 848)
  0x00000213103ae7f0: ac52 0000 

  0x00000213103ae7f4: ;   {other}
  0x00000213103ae7f4: 0f1f 8400 | e403 0004 | 4c8b 8424 | b000 0000 | 4c8b c848 | 8bbc 24a8 | 0000 0048 | 8b94 24a0 
  0x00000213103ae814: 0000 0066 | 0f1f 4400 | 0048 b890 | 3605 0001 

  0x00000213103ae824: ;   {virtual_call}
  0x00000213103ae824: 0000 00e8 

  0x00000213103ae828: ; ImmutableOopMap {[144]=Oop [152]=Oop [160]=Oop [168]=Oop }
                      ;*invokevirtual defineOrCheckPackage {reexecute=0 rethrow=0 return_oop=0}
                      ; - jdk.internal.loader.BuiltinClassLoader::defineClass@40 (line 849)
  0x00000213103ae828: 940c 0000 

  0x00000213103ae82c: ;   {other}
  0x00000213103ae82c: 0f1f 8400 | 1c04 0005 | 4c8b 8c24 | 9800 0000 | 488d 9424 | e000 0000 | 4c89 4a08 | 498b 0148 
  0x00000213103ae84c: 83c8 0148 | 8902 f049 | 0fb1 110f | 8412 0000 | 0048 2bc4 | 4825 07f0 | ffff 4889 | 020f 85fd 
  0x00000213103ae86c: 0300 0049 | ff87 5005 | 0000 418b | 510c 4885 | d20f 8551 | 0000 0049 | 8bd1 0f1f | 8000 0000 
  0x00000213103ae88c: 0048 b890 | df5a 1b13 

  0x00000213103ae894: ;   {virtual_call}
  0x00000213103ae894: 0200 00e8 

  0x00000213103ae898: ; ImmutableOopMap {[144]=Oop [152]=Oop [160]=Oop [168]=Oop [232]=Oop }
                      ;*invokevirtual getInputStream {reexecute=0 rethrow=0 return_oop=0}
                      ; - jdk.internal.loader.Resource::cachedInputStream@9 (line 77)
                      ; - jdk.internal.loader.Resource::getByteBuffer@1 (line 163)
                      ; - jdk.internal.loader.BuiltinClassLoader::defineClass@45 (line 853)
  0x00000213103ae898: 04d0 ceff 

  0x00000213103ae89c: ;   {other}
  0x00000213103ae89c: 0f1f 8400 | 8c04 0006 | 410f be57 | 4085 d24c | 8b8c 2498 | 0000 000f | 85c6 0300 | 004c 8bd0 
  0x00000213103ae8bc: 4589 510c | 498b d148 | 33d0 48c1 | ea14 4883 | fa00 0f85 | c703 0000 | 418b 510c | 488d 8424 
  0x00000213103ae8dc: e000 0000 | 488b 3048 | 85f6 0f84 | 0f00 0000 | 488b 7808 | f048 0fb1 | 370f 85b8 | 0300 0049 
  0x00000213103ae8fc: ff8f 5005 | 0000 4885 | d20f 843a 

  0x00000213103ae908: ;   {metadata('sun/nio/ByteBuffered')}
  0x00000213103ae908: 0000 0048 | b830 9817 | 0001 0000 | 008b 5a08 | 48c1 e303 | 483b 4320 | 0f84 2400 | 0000 483b 
  0x00000213103ae928: d80f 841b | 0000 0053 

  0x00000213103ae930: ;   {runtime_call slow_subtype_check Runtime1 stub}
  0x00000213103ae930: 50e8 4a3c | daff 5b5b | 85db 0f84 | 0500 0000 | e905 0000 | 0048 33f6 | eb0a 48be | 0100 0000 
  0x00000213103ae950: 0000 0000 | 85f6 0f84 | 6500 0000 | 4885 d20f | 843a 0000 

  0x00000213103ae964: ;   {metadata('sun/nio/ByteBuffered')}
  0x00000213103ae964: 0048 bb30 | 9817 0001 | 0000 008b | 7a08 48c1 | e703 483b | 5f20 0f84 | 1f00 0000 | 483b fb0f 
  0x00000213103ae984: 8416 0000 

  0x00000213103ae988: ;   {runtime_call slow_subtype_check Runtime1 stub}
  0x00000213103ae988: 0057 53e8 | f03b daff | 5f5f 85ff | 0f84 2f03 | 0000 e900 | 0000 0066 | 0f1f 4400 | 0048 b8ff 
  0x00000213103ae9a8: ffff ffff 

  0x00000213103ae9ac: ;   {virtual_call}
  0x00000213103ae9ac: ffff ffe8 

  0x00000213103ae9b0: ; ImmutableOopMap {[144]=Oop [152]=Oop [160]=Oop [168]=Oop }
                      ;*invokeinterface getByteBuffer {reexecute=0 rethrow=0 return_oop=0}
                      ; - jdk.internal.loader.Resource::getByteBuffer@16 (line 165)
                      ; - jdk.internal.loader.BuiltinClassLoader::defineClass@45 (line 853)
  0x00000213103ae9b0: cc03 cfff 

  0x00000213103ae9b4: ;   {other}
  0x00000213103ae9b4: 0f1f 8400 | a405 0007 | e90a 0000 

  0x00000213103ae9c0: ;   {oop(nullptr)}
  0x00000213103ae9c0: 0048 b800 | 0000 0000 | 0000 0048 | 85c0 0f84 | fe00 0000 | 4889 8424 | b800 0000 | 488b 9424 
  0x00000213103ae9e0: 9800 0000 | 9048 b8ff | ffff ffff 

  0x00000213103ae9ec: ;   {virtual_call}
  0x00000213103ae9ec: ffff ffe8 

  0x00000213103ae9f0: ; ImmutableOopMap {[144]=Oop [160]=Oop [168]=Oop [184]=Oop }
                      ;*invokevirtual getCodeSigners {reexecute=0 rethrow=0 return_oop=0}
                      ; - jdk.internal.loader.BuiltinClassLoader::defineClass@56 (line 855)
  0x00000213103ae9f0: 8c03 cfff 

  0x00000213103ae9f4: ;   {other}
  0x00000213103ae9f4: 0f1f 8400 | e405 0008 

  0x00000213103ae9fc: ;   {metadata('java/security/CodeSource')}
  0x00000213103ae9fc: 4c8b c848 | ba08 3d05 | 0001 0000 | 0049 8b87 | b801 0000 | 488d 7828 | 493b bfc8 | 0100 000f 
  0x00000213103aea1c: 87b1 0200 | 0049 89bf | b801 0000 | 48c7 0001 | 0000 0048 | 8bca 48c1 | e903 8948 | 0848 33c9 
  0x00000213103aea3c: 8948 0c48 | 33c9 4889 | 4810 4889 | 4818 4889 | 4820 4c8b | 8424 a800 | 0000 488b | d048 8984 
  0x00000213103aea5c: 24c0 0000 | 0066 0f1f 

  0x00000213103aea64: ;   {optimized virtual_call}
  0x00000213103aea64: 4400 00e8 

  0x00000213103aea68: ; ImmutableOopMap {[144]=Oop [160]=Oop [184]=Oop [192]=Oop }
                      ;*invokespecial <init> {reexecute=0 rethrow=0 return_oop=0}
                      ; - jdk.internal.loader.BuiltinClassLoader::defineClass@68 (line 856)
  0x00000213103aea68: 1400 cfff 

  0x00000213103aea6c: ;   {other}
  0x00000213103aea6c: 0f1f 8400 | 5c06 0009 | 4c8b 8424 | c000 0000 | 488b 9424 | a000 0000 

  0x00000213103aea84: ;   {optimized virtual_call}
  0x00000213103aea84: 6666 90e8 

  0x00000213103aea88: ; ImmutableOopMap {[144]=Oop [160]=Oop [184]=Oop }
                      ;*invokevirtual getProtectionDomain {reexecute=0 rethrow=0 return_oop=0}
                      ; - java.security.SecureClassLoader::defineClass@5 (line 182)
                      ; - jdk.internal.loader.BuiltinClassLoader::defineClass@79 (line 857)
  0x00000213103aea88: f4ff ceff 

  0x00000213103aea8c: ;   {other}
  0x00000213103aea8c: 0f1f 8400 | 7c06 000a | 4c8b 8424 | 9000 0000 | 4c8b 8c24 | b800 0000 | 488b f848 | 8b94 24a0 
  0x00000213103aeaac: ;   {optimized virtual_call}
  0x00000213103aeaac: 0000 00e8 

  0x00000213103aeab0: ; ImmutableOopMap {}
                      ;*invokevirtual defineClass {reexecute=0 rethrow=0 return_oop=0}
                      ; - java.security.SecureClassLoader::defineClass@8 (line 182)
                      ; - jdk.internal.loader.BuiltinClassLoader::defineClass@79 (line 857)
  0x00000213103aeab0: ccff ceff 

  0x00000213103aeab4: ;   {other}
  0x00000213103aeab4: 0f1f 8400 | a406 000b | 4881 c400 | 0100 005d 

  0x00000213103aeac4: ;   {poll_return}
  0x00000213103aeac4: 493b a750 | 0400 000f | 870e 0200 | 00c3 4c8b | 8c24 9800 | 0000 498b | d148 b860 | e25a 1b13 
  0x00000213103aeae4: ;   {virtual_call}
  0x00000213103aeae4: 0200 00e8 

  0x00000213103aeae8: ; ImmutableOopMap {[144]=Oop [152]=Oop [160]=Oop [168]=Oop }
                      ;*invokevirtual getBytes {reexecute=0 rethrow=0 return_oop=0}
                      ; - jdk.internal.loader.BuiltinClassLoader::defineClass@84 (line 859)
  0x00000213103aeae8: f4cd ceff 

  0x00000213103aeaec: ;   {other}
  0x00000213103aeaec: 0f1f 8400 | dc06 000c | 4889 8424 | c800 0000 | 488b 9424 | 9800 0000 | 9048 b828 | 9c17 0001 
  0x00000213103aeb0c: ;   {virtual_call}
  0x00000213103aeb0c: 0000 00e8 

  0x00000213103aeb10: ; ImmutableOopMap {[144]=Oop [160]=Oop [168]=Oop [200]=Oop }
                      ;*invokevirtual getCodeSigners {reexecute=0 rethrow=0 return_oop=0}
                      ; - jdk.internal.loader.BuiltinClassLoader::defineClass@90 (line 860)
  0x00000213103aeb10: ac57 0000 

  0x00000213103aeb14: ;   {other}
  0x00000213103aeb14: 0f1f 8400 | 0407 000d 

  0x00000213103aeb1c: ;   {metadata('java/security/CodeSource')}
  0x00000213103aeb1c: 4c8b c848 | ba08 3d05 | 0001 0000 | 0049 8b87 | b801 0000 | 488d 7828 | 493b bfc8 | 0100 000f 
  0x00000213103aeb3c: 87b4 0100 | 0049 89bf | b801 0000 | 48c7 0001 | 0000 0048 | 8bca 48c1 | e903 8948 | 0848 33c9 
  0x00000213103aeb5c: 8948 0c48 | 33c9 4889 | 4810 4889 | 4818 4889 | 4820 4c8b | 8424 a800 | 0000 488b | d048 8984 
  0x00000213103aeb7c: 24d0 0000 | 0066 0f1f 

  0x00000213103aeb84: ;   {optimized virtual_call}
  0x00000213103aeb84: 4400 00e8 

  0x00000213103aeb88: ; ImmutableOopMap {[144]=Oop [160]=Oop [200]=Oop [208]=Oop }
                      ;*invokespecial <init> {reexecute=0 rethrow=0 return_oop=0}
                      ; - jdk.internal.loader.BuiltinClassLoader::defineClass@102 (line 861)
  0x00000213103aeb88: f4d2 ffff 

  0x00000213103aeb8c: ;   {other}
  0x00000213103aeb8c: 0f1f 8400 | 7c07 000e | 488b 8424 | c800 0000 

  0x00000213103aeb9c: ; implicit exception: dispatches to 0x00000213103aed02
  0x00000213103aeb9c: 8b70 0c4c | 8b84 24d0 | 0000 0048 | 8b94 24a0 | 0000 0089 | b424 d800 

  0x00000213103aebb4: ;   {optimized virtual_call}
  0x00000213103aebb4: 0000 90e8 

  0x00000213103aebb8: ; ImmutableOopMap {[144]=Oop [160]=Oop [200]=Oop }
                      ;*invokevirtual getProtectionDomain {reexecute=0 rethrow=0 return_oop=0}
                      ; - java.security.SecureClassLoader::defineClass@9 (line 150)
                      ; - jdk.internal.loader.BuiltinClassLoader::defineClass@117 (line 862)
  0x00000213103aebb8: c4d8 ffff 

  0x00000213103aebbc: ;   {other}
  0x00000213103aebbc: 0f1f 8400 | ac07 000f | 4c8b 8424 | 9000 0000 | 4c8b 8c24 | c800 0000 | bf00 0000 | 008b b424 
  0x00000213103aebdc: d800 0000 | 488b c848 | 8b94 24a0 | 0000 000f 

  0x00000213103aebec: ;   {optimized virtual_call}
  0x00000213103aebec: 1f40 00e8 

  0x00000213103aebf0: ; ImmutableOopMap {}
                      ;*invokevirtual defineClass {reexecute=0 rethrow=0 return_oop=0}
                      ; - java.security.SecureClassLoader::defineClass@12 (line 150)
                      ; - jdk.internal.loader.BuiltinClassLoader::defineClass@117 (line 862)
  0x00000213103aebf0: 0ce8 ffff 

  0x00000213103aebf4: ;   {other}
  0x00000213103aebf4: 0f1f 8400 | e407 0010 | 4881 c400 | 0100 005d 

  0x00000213103aec04: ;   {poll_return}
  0x00000213103aec04: 493b a750 | 0400 000f | 87f6 0000 | 00c3 498b | 8700 0500 | 004d 33d2 | 4d89 9700 | 0500 004d 
  0x00000213103aec24: 33d2 4d89 | 9708 0500 | 0048 8bf0 | 488d 8424 | e000 0000 | 488b 3848 | 85ff 0f84 | 0f00 0000 
  0x00000213103aec44: 488b 5808 | f048 0fb1 | 3b0f 85ca | 0000 0049 | ff8f 5005 | 0000 488b | c6e9 ee00 

  0x00000213103aec60: ;   {runtime_call throw_null_pointer_exception Runtime1 stub}
  0x00000213103aec60: 0000 e819 

  0x00000213103aec64: ; ImmutableOopMap {rax=Oop r8=Oop [144]=Oop [152]=Oop [160]=Oop [168]=Oop }
                      ;*invokevirtual lastIndexOf {reexecute=0 rethrow=0 return_oop=0}
                      ; - jdk.internal.loader.BuiltinClassLoader::defineClass@8 (line 845)
                      ;   {runtime_call throw_null_pointer_exception Runtime1 stub}
  0x00000213103aec64: 0fda ffe8 

  0x00000213103aec68: ; ImmutableOopMap {rax=Oop r8=Oop rsi=Oop [144]=Oop [152]=Oop [160]=Oop [168]=Oop }
                      ;*arraylength {reexecute=0 rethrow=0 return_oop=0}
                      ; - java.lang.String::length@4 (line 1519)
                      ; - java.lang.String::lastIndexOf@3 (line 2535)
                      ; - jdk.internal.loader.BuiltinClassLoader::defineClass@8 (line 845)
  0x00000213103aec68: 140f daff | 4c89 4c24 | 0848 8914 

  0x00000213103aec74: ;   {runtime_call monitorenter_nofpu Runtime1 stub}
  0x00000213103aec74: 24e8 063f 

  0x00000213103aec78: ; ImmutableOopMap {r9=Oop [144]=Oop [152]=Oop [160]=Oop [168]=Oop [232]=Oop }
                      ;*synchronization entry
                      ; - jdk.internal.loader.Resource::cachedInputStream@-1 (line 76)
                      ; - jdk.internal.loader.Resource::getByteBuffer@1 (line 163)
                      ; - jdk.internal.loader.BuiltinClassLoader::defineClass@45 (line 853)
  0x00000213103aec78: daff e9f7 | fbff ff41 | 8b51 0c48 | 83fa 000f | 842c fcff | ff48 8914 

  0x00000213103aec90: ;   {runtime_call g1_pre_barrier_slow}
  0x00000213103aec90: 24e8 ea65 | daff e91e | fcff ff48 | 83f8 000f | 842f fcff | ff4c 890c 

  0x00000213103aeca8: ;   {runtime_call g1_post_barrier_slow}
  0x00000213103aeca8: 24e8 d268 | daff e921 | fcff ff48 | 8d84 24e0 | 0000 0048 

  0x00000213103aecbc: ;   {runtime_call monitorexit_nofpu Runtime1 stub}
  0x00000213103aecbc: 8904 24e8 | bc44 daff | e939 fcff | ff48 8914 

  0x00000213103aeccc: ;   {runtime_call throw_class_cast_exception Runtime1 stub}
  0x00000213103aeccc: 24e8 ae32 

  0x00000213103aecd0: ; ImmutableOopMap {[144]=Oop [152]=Oop [160]=Oop [168]=Oop }
                      ;*checkcast {reexecute=0 rethrow=0 return_oop=0}
                      ; - jdk.internal.loader.Resource::getByteBuffer@13 (line 165)
                      ; - jdk.internal.loader.BuiltinClassLoader::defineClass@45 (line 853)
  0x00000213103aecd0: daff 488b 

  0x00000213103aecd4: ;   {runtime_call fast_new_instance Runtime1 stub}
  0x00000213103aecd4: d2e8 a617 

  0x00000213103aecd8: ; ImmutableOopMap {r9=Oop [144]=Oop [160]=Oop [168]=Oop [184]=Oop }
                      ;*new {reexecute=0 rethrow=0 return_oop=0}
                      ; - jdk.internal.loader.BuiltinClassLoader::defineClass@61 (line 856)
  0x00000213103aecd8: daff e96f 

  0x00000213103aecdc: ;   {internal_word}
  0x00000213103aecdc: fdff ff49 | bac4 ea3a | 1013 0200 | 004d 8997 | 6804 0000 

  0x00000213103aecf0: ;   {runtime_call SafepointBlob}
  0x00000213103aecf0: e90b 6acf | ff48 8bd2 

  0x00000213103aecf8: ;   {runtime_call fast_new_instance Runtime1 stub}
  0x00000213103aecf8: e883 17da 

  0x00000213103aecfc: ; ImmutableOopMap {r9=Oop [144]=Oop [160]=Oop [168]=Oop [200]=Oop }
                      ;*new {reexecute=0 rethrow=0 return_oop=0}
                      ; - jdk.internal.loader.BuiltinClassLoader::defineClass@95 (line 861)
  0x00000213103aecfc: ffe9 6cfe 

  0x00000213103aed00: ;   {runtime_call throw_null_pointer_exception Runtime1 stub}
  0x00000213103aed00: ffff e879 

  0x00000213103aed04: ; ImmutableOopMap {rax=Oop [144]=Oop [160]=Oop [200]=Oop [208]=Oop }
                      ;*arraylength {reexecute=0 rethrow=0 return_oop=0}
                      ; - jdk.internal.loader.BuiltinClassLoader::defineClass@114 (line 862)
                      ;   {internal_word}
  0x00000213103aed04: 0eda ff49 | ba04 ec3a | 1013 0200 | 004d 8997 | 6804 0000 

  0x00000213103aed18: ;   {runtime_call SafepointBlob}
  0x00000213103aed18: e9e3 69cf | ff48 8d84 | 24e0 0000 | 0048 8904 

  0x00000213103aed28: ;   {runtime_call monitorexit_nofpu Runtime1 stub}
  0x00000213103aed28: 24e8 5244 | daff e927 | ffff ff49 | 8b87 0005 | 0000 49c7 | 8700 0500 | 0000 0000 | 0049 c787 
  0x00000213103aed48: 0805 0000 | 0000 0000 | 4881 c400 | 0100 005d 

  0x00000213103aed58: ;   {runtime_call unwind_exception Runtime1 stub}
  0x00000213103aed58: e923 ffd9 | fff4 f4f4 
[Stub Code]
  0x00000213103aed60: ;   {no_reloc}
  0x00000213103aed60: 0f1f 4400 

  0x00000213103aed64: ;   {static_stub}
  0x00000213103aed64: 0048 bb00 | 0000 0000 

  0x00000213103aed6c: ;   {runtime_call}
  0x00000213103aed6c: 0000 00e9 | fbff ffff 

  0x00000213103aed74: ;   {static_stub}
  0x00000213103aed74: 9048 bb00 | 0000 0000 

  0x00000213103aed7c: ;   {runtime_call}
  0x00000213103aed7c: 0000 00e9 | fbff ffff 

  0x00000213103aed84: ;   {static_stub}
  0x00000213103aed84: 9048 bb00 | 0000 0000 

  0x00000213103aed8c: ;   {runtime_call}
  0x00000213103aed8c: 0000 00e9 | fbff ffff 

  0x00000213103aed94: ;   {static_stub}
  0x00000213103aed94: 9048 bb00 | 0000 0000 

  0x00000213103aed9c: ;   {runtime_call}
  0x00000213103aed9c: 0000 00e9 | fbff ffff 

  0x00000213103aeda4: ;   {static_stub}
  0x00000213103aeda4: 9048 bb00 | 0000 0000 

  0x00000213103aedac: ;   {runtime_call}
  0x00000213103aedac: 0000 00e9 | fbff ffff 

  0x00000213103aedb4: ;   {static_stub}
  0x00000213103aedb4: 9048 bb00 | 0000 0000 

  0x00000213103aedbc: ;   {runtime_call}
  0x00000213103aedbc: 0000 00e9 | fbff ffff 

  0x00000213103aedc4: ;   {static_stub}
  0x00000213103aedc4: 9048 bb00 | 0000 0000 

  0x00000213103aedcc: ;   {runtime_call}
  0x00000213103aedcc: 0000 00e9 | fbff ffff 

  0x00000213103aedd4: ;   {static_stub}
  0x00000213103aedd4: 9048 bb00 | 0000 0000 

  0x00000213103aeddc: ;   {runtime_call}
  0x00000213103aeddc: 0000 00e9 | fbff ffff 

  0x00000213103aede4: ;   {static_stub}
  0x00000213103aede4: 48bb 0000 | 0000 0000 

  0x00000213103aedec: ;   {runtime_call}
  0x00000213103aedec: 0000 e9fb 

  0x00000213103aedf0: ;   {static_stub}
  0x00000213103aedf0: ffff ff48 | bb00 0000 | 0000 0000 

  0x00000213103aedfc: ;   {runtime_call}
  0x00000213103aedfc: 00e9 fbff 

  0x00000213103aee00: ;   {static_stub}
  0x00000213103aee00: ffff 48bb | 0000 0000 | 0000 0000 

  0x00000213103aee0c: ;   {runtime_call}
  0x00000213103aee0c: e9fb ffff 

  0x00000213103aee10: ;   {static_stub}
  0x00000213103aee10: ff48 bb00 | 0000 0000 

  0x00000213103aee18: ;   {runtime_call}
  0x00000213103aee18: 0000 00e9 | fbff ffff 

  0x00000213103aee20: ;   {static_stub}
  0x00000213103aee20: 48bb 0000 | 0000 0000 

  0x00000213103aee28: ;   {runtime_call}
  0x00000213103aee28: 0000 e9fb 

  0x00000213103aee2c: ;   {static_stub}
  0x00000213103aee2c: ffff ff48 | bb00 0000 | 0000 0000 

  0x00000213103aee38: ;   {runtime_call}
  0x00000213103aee38: 00e9 fbff 

  0x00000213103aee3c: ;   {static_stub}
  0x00000213103aee3c: ffff 48bb | 0000 0000 | 0000 0000 

  0x00000213103aee48: ;   {runtime_call}
  0x00000213103aee48: e9fb ffff 

  0x00000213103aee4c: ;   {runtime_call handle_exception_from_callee Runtime1 stub}
  0x00000213103aee4c: ffe8 2e2b 

  0x00000213103aee50: ;   {external_word}
  0x00000213103aee50: daff 48b9 | 70e0 a66e | fe7f 0000 | 4883 e4f0 

  0x00000213103aee60: ;   {runtime_call}
  0x00000213103aee60: 48b8 60f6 | 696e fe7f | 0000 ffd0 

  0x00000213103aee6c: ;   {section_word}
  0x00000213103aee6c: f449 ba6d | ee3a 1013 | 0200 0041 

  0x00000213103aee78: ;   {runtime_call DeoptimizationBlob}
  0x00000213103aee78: 52e9 225b | cfff f4f4 
[/MachCode]


---------------  P R O C E S S  ---------------

Threads class SMR info:
_java_thread_list=0x000002131b3d9e00, length=19, elements={
0x000002130c54f3c0, 0x000002131674e930, 0x0000021316871590, 0x0000021316879770,
0x0000021316877ce0, 0x0000021316878740, 0x0000021316730690, 0x0000021316732100,
0x000002130c5f16e0, 0x0000021316a6cb90, 0x000002131b31fe80, 0x000002131b3c8a70,
0x000002131b475f80, 0x000002131b47f040, 0x000002131b4f7fc0, 0x000002131b4f8630,
0x000002131b51bf70, 0x000002131b51b8e0, 0x000002131b51a530
}

Java Threads: ( => current thread )
  0x000002130c54f3c0 JavaThread "main"                              [_thread_blocked, id=11588, stack(0x0000002eb4900000,0x0000002eb4a00000) (1024K)]
  0x000002131674e930 JavaThread "Reference Handler"          daemon [_thread_blocked, id=11812, stack(0x0000002eb5200000,0x0000002eb5300000) (1024K)]
  0x0000021316871590 JavaThread "Finalizer"                  daemon [_thread_blocked, id=16356, stack(0x0000002eb5300000,0x0000002eb5400000) (1024K)]
  0x0000021316879770 JavaThread "Signal Dispatcher"          daemon [_thread_blocked, id=9724, stack(0x0000002eb5400000,0x0000002eb5500000) (1024K)]
  0x0000021316877ce0 JavaThread "Attach Listener"            daemon [_thread_blocked, id=7820, stack(0x0000002eb5500000,0x0000002eb5600000) (1024K)]
  0x0000021316878740 JavaThread "Service Thread"             daemon [_thread_blocked, id=7948, stack(0x0000002eb5600000,0x0000002eb5700000) (1024K)]
  0x0000021316730690 JavaThread "Monitor Deflation Thread"   daemon [_thread_blocked, id=10420, stack(0x0000002eb5700000,0x0000002eb5800000) (1024K)]
  0x0000021316732100 JavaThread "C1 CompilerThread0"         daemon [_thread_blocked, id=13208, stack(0x0000002eb5800000,0x0000002eb5900000) (1024K)]
  0x000002130c5f16e0 JavaThread "Common-Cleaner"             daemon [_thread_blocked, id=4784, stack(0x0000002eb5900000,0x0000002eb5a00000) (1024K)]
  0x0000021316a6cb90 JavaThread "Notification Thread"        daemon [_thread_blocked, id=12744, stack(0x0000002eb5a00000,0x0000002eb5b00000) (1024K)]
  0x000002131b31fe80 JavaThread "RMI TCP Accept-0"           daemon [_thread_in_native, id=11284, stack(0x0000002eb5b00000,0x0000002eb5c00000) (1024K)]
  0x000002131b3c8a70 JavaThread "RMI TCP Accept-51394"       daemon [_thread_in_native, id=2436, stack(0x0000002eb5f00000,0x0000002eb6000000) (1024K)]
  0x000002131b475f80 JavaThread "RMI TCP Accept-0"           daemon [_thread_in_native, id=13108, stack(0x0000002eb6000000,0x0000002eb6100000) (1024K)]
  0x000002131b47f040 JavaThread "RMI TCP Connection(1)-127.0.0.1" daemon [_thread_in_native, id=15528, stack(0x0000002eb6100000,0x0000002eb6200000) (1024K)]
  0x000002131b4f7fc0 JavaThread "RMI Scheduler(0)"           daemon [_thread_blocked, id=15468, stack(0x0000002eb6200000,0x0000002eb6300000) (1024K)]
  0x000002131b4f8630 JavaThread "RMI TCP Connection(2)-127.0.0.1" daemon [_thread_blocked, id=11032, stack(0x0000002eb6300000,0x0000002eb6400000) (1024K)]
  0x000002131b51bf70 JavaThread "JMX server connection timeout 30" daemon [_thread_blocked, id=7736, stack(0x0000002eb6400000,0x0000002eb6500000) (1024K)]
  0x000002131b51b8e0 JavaThread "Thread-0"                          [_thread_blocked, id=7272, stack(0x0000002eb6500000,0x0000002eb6600000) (1024K)]
=>0x000002131b51a530 JavaThread "restartedMain"                     [_thread_in_vm, id=10076, stack(0x0000002eb6600000,0x0000002eb6700000) (1024K)]
Total: 19

Other Threads:
  0x00000213166a4fb0 VMThread "VM Thread"                           [id=1716, stack(0x0000002eb5100000,0x0000002eb5200000) (1024K)] _threads_hazard_ptr=0x000002131b3d9e00
  0x000002130c5f0570 WatcherThread "VM Periodic Task Thread"        [id=9452, stack(0x0000002eb5000000,0x0000002eb5100000) (1024K)]
  0x000002130c583fa0 WorkerThread "GC Thread#0"                     [id=7592, stack(0x0000002eb4b00000,0x0000002eb4c00000) (1024K)]
  0x000002131b3c65c0 WorkerThread "GC Thread#1"                     [id=4600, stack(0x0000002eb5c00000,0x0000002eb5d00000) (1024K)]
  0x000002131b3dba70 WorkerThread "GC Thread#2"                     [id=5428, stack(0x0000002eb5d00000,0x0000002eb5e00000) (1024K)]
  0x000002131b3dde20 WorkerThread "GC Thread#3"                     [id=10048, stack(0x0000002eb5e00000,0x0000002eb5f00000) (1024K)]
  0x000002130c58cd40 ConcurrentGCThread "G1 Main Marker"            [id=11028, stack(0x0000002eb4c00000,0x0000002eb4d00000) (1024K)]
  0x000002130c58e190 WorkerThread "G1 Conc#0"                       [id=8176, stack(0x0000002eb4d00000,0x0000002eb4e00000) (1024K)]
  0x000002130c5df040 ConcurrentGCThread "G1 Refine#0"               [id=6048, stack(0x0000002eb4e00000,0x0000002eb4f00000) (1024K)]
  0x000002130c5e0bc0 ConcurrentGCThread "G1 Service"                [id=6312, stack(0x0000002eb4f00000,0x0000002eb5000000) (1024K)]
Total: 10

Threads with active compile tasks:
Total: 0

VM state: synchronizing (normal execution)

VM Mutex/Monitor currently owned by a thread:  ([mutex/lock_event])
[0x00007ffe6ed200a8] Metaspace_lock - owner thread: 0x000002131b51a530
[0x00007ffe6ed22128] Threads_lock - owner thread: 0x00000213166a4fb0

Heap address: 0x00000000c1600000, size: 1002 MB, Compressed Oops mode: 32-bit

CDS archive(s) not mapped
Compressed class space mapped at: 0x0000000100000000-0x0000000140000000, reserved size: 1073741824
Narrow klass base: 0x0000000000000000, Narrow klass shift: 3, Narrow klass range: 0x140000000

GC Precious Log:
 CardTable entry size: 512
 Card Set container configuration: InlinePtr #cards 5 size 8 Array Of Cards #cards 12 size 40 Howl #buckets 4 coarsen threshold 1843 Howl Bitmap #cards 512 size 80 coarsen threshold 460 Card regions per heap region 1 cards per card region 2048
 CPUs: 4 total, 4 available
 Memory: 4001M
 Large Page Support: Disabled
 NUMA Support: Disabled
 Compressed Oops: Enabled (32-bit)
 Heap Region Size: 1M
 Heap Min Capacity: 8M
 Heap Initial Capacity: 64M
 Heap Max Capacity: 1002M
 Pre-touch: Disabled
 Parallel Workers: 4
 Concurrent Workers: 1
 Concurrent Refinement Workers: 4
 Periodic GC: Disabled

Heap:
 garbage-first heap   total 65536K, used 10539K [0x00000000c1600000, 0x0000000100000000)
  region size 1024K, 8 young (8192K), 2 survivors (2048K)
 Metaspace       used 19634K, committed 19840K, reserved 1114112K
  class space    used 2078K, committed 2176K, reserved 1048576K

Heap Regions: E=young(eden), S=young(survivor), O=old, HS=humongous(starts), HC=humongous(continues), CS=collection set, F=free, TAMS=top-at-mark-start, PB=parsable bottom
|   0|0x00000000c1600000, 0x00000000c1700000, 0x00000000c1700000|100%| O|  |TAMS 0x00000000c1600000| PB 0x00000000c1600000| Untracked 
|   1|0x00000000c1700000, 0x00000000c1800000, 0x00000000c1800000|100%| O|  |TAMS 0x00000000c1700000| PB 0x00000000c1700000| Untracked 
|   2|0x00000000c1800000, 0x00000000c1900000, 0x00000000c1900000|100%| O|  |TAMS 0x00000000c1800000| PB 0x00000000c1800000| Untracked 
|   3|0x00000000c1900000, 0x00000000c1a00000, 0x00000000c1a00000|100%| O|  |TAMS 0x00000000c1900000| PB 0x00000000c1900000| Untracked 
|   4|0x00000000c1a00000, 0x00000000c1a79c40, 0x00000000c1b00000| 47%| O|  |TAMS 0x00000000c1a00000| PB 0x00000000c1a00000| Untracked 
|   5|0x00000000c1b00000, 0x00000000c1b00000, 0x00000000c1c00000|  0%| F|  |TAMS 0x00000000c1b00000| PB 0x00000000c1b00000| Untracked 
|   6|0x00000000c1c00000, 0x00000000c1c00000, 0x00000000c1d00000|  0%| F|  |TAMS 0x00000000c1c00000| PB 0x00000000c1c00000| Untracked 
|   7|0x00000000c1d00000, 0x00000000c1d00000, 0x00000000c1e00000|  0%| F|  |TAMS 0x00000000c1d00000| PB 0x00000000c1d00000| Untracked 
|   8|0x00000000c1e00000, 0x00000000c1e00000, 0x00000000c1f00000|  0%| F|  |TAMS 0x00000000c1e00000| PB 0x00000000c1e00000| Untracked 
|   9|0x00000000c1f00000, 0x00000000c1f00000, 0x00000000c2000000|  0%| F|  |TAMS 0x00000000c1f00000| PB 0x00000000c1f00000| Untracked 
|  10|0x00000000c2000000, 0x00000000c2000000, 0x00000000c2100000|  0%| F|  |TAMS 0x00000000c2000000| PB 0x00000000c2000000| Untracked 
|  11|0x00000000c2100000, 0x00000000c2100000, 0x00000000c2200000|  0%| F|  |TAMS 0x00000000c2100000| PB 0x00000000c2100000| Untracked 
|  12|0x00000000c2200000, 0x00000000c2200000, 0x00000000c2300000|  0%| F|  |TAMS 0x00000000c2200000| PB 0x00000000c2200000| Untracked 
|  13|0x00000000c2300000, 0x00000000c2300000, 0x00000000c2400000|  0%| F|  |TAMS 0x00000000c2300000| PB 0x00000000c2300000| Untracked 
|  14|0x00000000c2400000, 0x00000000c2400000, 0x00000000c2500000|  0%| F|  |TAMS 0x00000000c2400000| PB 0x00000000c2400000| Untracked 
|  15|0x00000000c2500000, 0x00000000c2500000, 0x00000000c2600000|  0%| F|  |TAMS 0x00000000c2500000| PB 0x00000000c2500000| Untracked 
|  16|0x00000000c2600000, 0x00000000c2600000, 0x00000000c2700000|  0%| F|  |TAMS 0x00000000c2600000| PB 0x00000000c2600000| Untracked 
|  17|0x00000000c2700000, 0x00000000c2700000, 0x00000000c2800000|  0%| F|  |TAMS 0x00000000c2700000| PB 0x00000000c2700000| Untracked 
|  18|0x00000000c2800000, 0x00000000c2800000, 0x00000000c2900000|  0%| F|  |TAMS 0x00000000c2800000| PB 0x00000000c2800000| Untracked 
|  19|0x00000000c2900000, 0x00000000c2900000, 0x00000000c2a00000|  0%| F|  |TAMS 0x00000000c2900000| PB 0x00000000c2900000| Untracked 
|  20|0x00000000c2a00000, 0x00000000c2a00000, 0x00000000c2b00000|  0%| F|  |TAMS 0x00000000c2a00000| PB 0x00000000c2a00000| Untracked 
|  21|0x00000000c2b00000, 0x00000000c2b00000, 0x00000000c2c00000|  0%| F|  |TAMS 0x00000000c2b00000| PB 0x00000000c2b00000| Untracked 
|  22|0x00000000c2c00000, 0x00000000c2c00000, 0x00000000c2d00000|  0%| F|  |TAMS 0x00000000c2c00000| PB 0x00000000c2c00000| Untracked 
|  23|0x00000000c2d00000, 0x00000000c2d00000, 0x00000000c2e00000|  0%| F|  |TAMS 0x00000000c2d00000| PB 0x00000000c2d00000| Untracked 
|  24|0x00000000c2e00000, 0x00000000c2e00000, 0x00000000c2f00000|  0%| F|  |TAMS 0x00000000c2e00000| PB 0x00000000c2e00000| Untracked 
|  25|0x00000000c2f00000, 0x00000000c2f00000, 0x00000000c3000000|  0%| F|  |TAMS 0x00000000c2f00000| PB 0x00000000c2f00000| Untracked 
|  26|0x00000000c3000000, 0x00000000c3000000, 0x00000000c3100000|  0%| F|  |TAMS 0x00000000c3000000| PB 0x00000000c3000000| Untracked 
|  27|0x00000000c3100000, 0x00000000c3100000, 0x00000000c3200000|  0%| F|  |TAMS 0x00000000c3100000| PB 0x00000000c3100000| Untracked 
|  28|0x00000000c3200000, 0x00000000c3200000, 0x00000000c3300000|  0%| F|  |TAMS 0x00000000c3200000| PB 0x00000000c3200000| Untracked 
|  29|0x00000000c3300000, 0x00000000c3300000, 0x00000000c3400000|  0%| F|  |TAMS 0x00000000c3300000| PB 0x00000000c3300000| Untracked 
|  30|0x00000000c3400000, 0x00000000c3400000, 0x00000000c3500000|  0%| F|  |TAMS 0x00000000c3400000| PB 0x00000000c3400000| Untracked 
|  31|0x00000000c3500000, 0x00000000c3500000, 0x00000000c3600000|  0%| F|  |TAMS 0x00000000c3500000| PB 0x00000000c3500000| Untracked 
|  32|0x00000000c3600000, 0x00000000c3600000, 0x00000000c3700000|  0%| F|  |TAMS 0x00000000c3600000| PB 0x00000000c3600000| Untracked 
|  33|0x00000000c3700000, 0x00000000c3700000, 0x00000000c3800000|  0%| F|  |TAMS 0x00000000c3700000| PB 0x00000000c3700000| Untracked 
|  34|0x00000000c3800000, 0x00000000c3800000, 0x00000000c3900000|  0%| F|  |TAMS 0x00000000c3800000| PB 0x00000000c3800000| Untracked 
|  35|0x00000000c3900000, 0x00000000c3900000, 0x00000000c3a00000|  0%| F|  |TAMS 0x00000000c3900000| PB 0x00000000c3900000| Untracked 
|  36|0x00000000c3a00000, 0x00000000c3a00000, 0x00000000c3b00000|  0%| F|  |TAMS 0x00000000c3a00000| PB 0x00000000c3a00000| Untracked 
|  37|0x00000000c3b00000, 0x00000000c3b00000, 0x00000000c3c00000|  0%| F|  |TAMS 0x00000000c3b00000| PB 0x00000000c3b00000| Untracked 
|  38|0x00000000c3c00000, 0x00000000c3c00000, 0x00000000c3d00000|  0%| F|  |TAMS 0x00000000c3c00000| PB 0x00000000c3c00000| Untracked 
|  39|0x00000000c3d00000, 0x00000000c3d00000, 0x00000000c3e00000|  0%| F|  |TAMS 0x00000000c3d00000| PB 0x00000000c3d00000| Untracked 
|  40|0x00000000c3e00000, 0x00000000c3e00000, 0x00000000c3f00000|  0%| F|  |TAMS 0x00000000c3e00000| PB 0x00000000c3e00000| Untracked 
|  41|0x00000000c3f00000, 0x00000000c3f00000, 0x00000000c4000000|  0%| F|  |TAMS 0x00000000c3f00000| PB 0x00000000c3f00000| Untracked 
|  42|0x00000000c4000000, 0x00000000c4000000, 0x00000000c4100000|  0%| F|  |TAMS 0x00000000c4000000| PB 0x00000000c4000000| Untracked 
|  43|0x00000000c4100000, 0x00000000c4100000, 0x00000000c4200000|  0%| F|  |TAMS 0x00000000c4100000| PB 0x00000000c4100000| Untracked 
|  44|0x00000000c4200000, 0x00000000c4200000, 0x00000000c4300000|  0%| F|  |TAMS 0x00000000c4200000| PB 0x00000000c4200000| Untracked 
|  45|0x00000000c4300000, 0x00000000c4300000, 0x00000000c4400000|  0%| F|  |TAMS 0x00000000c4300000| PB 0x00000000c4300000| Untracked 
|  46|0x00000000c4400000, 0x00000000c44d12e0, 0x00000000c4500000| 81%| S|CS|TAMS 0x00000000c4400000| PB 0x00000000c4400000| Complete 
|  47|0x00000000c4500000, 0x00000000c4600000, 0x00000000c4600000|100%| S|CS|TAMS 0x00000000c4500000| PB 0x00000000c4500000| Complete 
|  48|0x00000000c4600000, 0x00000000c4600000, 0x00000000c4700000|  0%| F|  |TAMS 0x00000000c4600000| PB 0x00000000c4600000| Untracked 
|  49|0x00000000c4700000, 0x00000000c4700000, 0x00000000c4800000|  0%| F|  |TAMS 0x00000000c4700000| PB 0x00000000c4700000| Untracked 
|  50|0x00000000c4800000, 0x00000000c4800000, 0x00000000c4900000|  0%| F|  |TAMS 0x00000000c4800000| PB 0x00000000c4800000| Untracked 
|  51|0x00000000c4900000, 0x00000000c4900000, 0x00000000c4a00000|  0%| F|  |TAMS 0x00000000c4900000| PB 0x00000000c4900000| Untracked 
|  52|0x00000000c4a00000, 0x00000000c4a00000, 0x00000000c4b00000|  0%| F|  |TAMS 0x00000000c4a00000| PB 0x00000000c4a00000| Untracked 
|  53|0x00000000c4b00000, 0x00000000c4b00000, 0x00000000c4c00000|  0%| F|  |TAMS 0x00000000c4b00000| PB 0x00000000c4b00000| Untracked 
|  54|0x00000000c4c00000, 0x00000000c4c00000, 0x00000000c4d00000|  0%| F|  |TAMS 0x00000000c4c00000| PB 0x00000000c4c00000| Untracked 
|  55|0x00000000c4d00000, 0x00000000c4d00000, 0x00000000c4e00000|  0%| F|  |TAMS 0x00000000c4d00000| PB 0x00000000c4d00000| Untracked 
|  56|0x00000000c4e00000, 0x00000000c4e00000, 0x00000000c4f00000|  0%| F|  |TAMS 0x00000000c4e00000| PB 0x00000000c4e00000| Untracked 
|  57|0x00000000c4f00000, 0x00000000c4f00000, 0x00000000c5000000|  0%| F|  |TAMS 0x00000000c4f00000| PB 0x00000000c4f00000| Untracked 
|  58|0x00000000c5000000, 0x00000000c503a2d8, 0x00000000c5100000| 22%| E|  |TAMS 0x00000000c5000000| PB 0x00000000c5000000| Complete 
|  59|0x00000000c5100000, 0x00000000c5200000, 0x00000000c5200000|100%| E|CS|TAMS 0x00000000c5100000| PB 0x00000000c5100000| Complete 
|  60|0x00000000c5200000, 0x00000000c5300000, 0x00000000c5300000|100%| E|CS|TAMS 0x00000000c5200000| PB 0x00000000c5200000| Complete 
|  61|0x00000000c5300000, 0x00000000c5400000, 0x00000000c5400000|100%| E|CS|TAMS 0x00000000c5300000| PB 0x00000000c5300000| Complete 
|  62|0x00000000c5400000, 0x00000000c5500000, 0x00000000c5500000|100%| E|CS|TAMS 0x00000000c5400000| PB 0x00000000c5400000| Complete 
|  63|0x00000000c5500000, 0x00000000c5600000, 0x00000000c5600000|100%| E|  |TAMS 0x00000000c5500000| PB 0x00000000c5500000| Complete 

Card table byte_map: [0x0000021313050000,0x0000021313250000] _byte_map_base: 0x0000021312a45000

Marking Bits: (CMBitMap*) 0x000002130c5846a0
 Bits: [0x0000021313250000, 0x00000213141f8000)

Polling page: 0x000002130bd10000

Metaspace:

Usage:
  Non-class:     17.14 MB used.
      Class:      2.03 MB used.
       Both:     19.17 MB used.

Virtual space:
  Non-class space:       64.00 MB reserved,      17.25 MB ( 27%) committed,  1 nodes.
      Class space:        1.00 GB reserved,       2.12 MB ( <1%) committed,  1 nodes.
             Both:        1.06 GB reserved,      19.38 MB (  2%) committed. 

Chunk freelists:
   Non-Class:  13.92 MB
       Class:  13.81 MB
        Both:  27.73 MB

MaxMetaspaceSize: unlimited
CompressedClassSpaceSize: 1.00 GB
Initial GC threshold: 21.00 MB
Current GC threshold: 21.00 MB
CDS: off
 - commit_granule_bytes: 65536.
 - commit_granule_words: 8192.
 - virtual_space_node_default_size: 8388608.
 - enlarge_chunks_in_place: 1.
 - use_allocation_guard: 0.


Internal statistics:

num_allocs_failed_limit: 0.
num_arena_births: 288.
num_arena_deaths: 0.
num_vsnodes_births: 2.
num_vsnodes_deaths: 0.
num_space_committed: 310.
num_space_uncommitted: 0.
num_chunks_returned_to_freelist: 0.
num_chunks_taken_from_freelist: 537.
num_chunk_merges: 0.
num_chunk_splits: 316.
num_chunks_enlarged: 182.
num_inconsistent_stats: 0.

CodeCache: size=49152Kb used=3924Kb max_used=3924Kb free=45228Kb
 bounds [0x0000021310050000, 0x0000021310430000, 0x0000021313050000]
 total_blobs=2281 nmethods=1796 adapters=409
 compilation: enabled
              stopped_count=0, restarted_count=0
 full_count=0

Compilation events (20 events):
Event: 15.113 Thread 0x0000021316732100 1787       1       java.io.ObjectStreamClass::hasWriteObjectMethod (17 bytes)
Event: 15.113 Thread 0x0000021316732100 nmethod 1787 0x0000021310421710 code [0x00000213104218c0, 0x0000021310421a58]
Event: 15.113 Thread 0x0000021316732100 1788   !   1       java.io.ObjectOutputStream::defaultWriteFields (288 bytes)
Event: 15.115 Thread 0x0000021316732100 nmethod 1788 0x0000021310421b10 code [0x0000021310421d40, 0x0000021310422410]
Event: 15.115 Thread 0x0000021316732100 1789       1       java.io.ObjectStreamClass::checkDefaultSerialize (20 bytes)
Event: 15.116 Thread 0x0000021316732100 nmethod 1789 0x0000021310422910 code [0x0000021310422ae0, 0x0000021310422ce8]
Event: 15.116 Thread 0x0000021316732100 1790       1       java.nio.Buffer::limit (65 bytes)
Event: 15.116 Thread 0x0000021316732100 nmethod 1790 0x0000021310422e10 code [0x0000021310422fc0, 0x0000021310423100]
Event: 15.170 Thread 0x0000021316732100 1791       1       org.springframework.core.OrderComparator::getOrder (111 bytes)
Event: 15.171 Thread 0x0000021316732100 nmethod 1791 0x0000021310423190 code [0x00000213104233a0, 0x0000021310423700]
Event: 15.171 Thread 0x0000021316732100 1792       1       org.springframework.core.OrderComparator::getOrder (22 bytes)
Event: 15.172 Thread 0x0000021316732100 nmethod 1792 0x0000021310423990 code [0x0000021310423b40, 0x0000021310423c78]
Event: 15.172 Thread 0x0000021316732100 1793       1       org.springframework.core.annotation.AnnotationAwareOrderComparator::findOrder (18 bytes)
Event: 15.172 Thread 0x0000021316732100 nmethod 1793 0x0000021310423d10 code [0x0000021310423ee0, 0x0000021310424120]
Event: 15.172 Thread 0x0000021316732100 1794       1       org.springframework.core.OrderComparator::findOrder (26 bytes)
Event: 15.173 Thread 0x0000021316732100 nmethod 1794 0x0000021310424210 code [0x00000213104243e0, 0x0000021310424658]
Event: 15.173 Thread 0x0000021316732100 1796       1       org.springframework.util.ObjectUtils::nullSafeEquals (55 bytes)
Event: 15.173 Thread 0x0000021316732100 nmethod 1796 0x0000021310424790 code [0x0000021310424980, 0x0000021310424be8]
Event: 15.173 Thread 0x0000021316732100 1795       1       org.springframework.core.annotation.MergedAnnotations$Search::lambda$static$1 (2 bytes)
Event: 15.173 Thread 0x0000021316732100 nmethod 1795 0x0000021310424d10 code [0x0000021310424ea0, 0x0000021310424f48]

GC Heap History (4 events):
Event: 10.286 GC heap before
{Heap before GC invocations=0 (full 0):
 garbage-first heap   total 65536K, used 12288K [0x00000000c1600000, 0x0000000100000000)
  region size 1024K, 13 young (13312K), 0 survivors (0K)
 Metaspace       used 13024K, committed 13248K, reserved 1114112K
  class space    used 1272K, committed 1408K, reserved 1048576K
}
Event: 10.313 GC heap after
{Heap after GC invocations=1 (full 0):
 garbage-first heap   total 65536K, used 4528K [0x00000000c1600000, 0x0000000100000000)
  region size 1024K, 2 young (2048K), 2 survivors (2048K)
 Metaspace       used 13024K, committed 13248K, reserved 1114112K
  class space    used 1272K, committed 1408K, reserved 1048576K
}
Event: 14.336 GC heap before
{Heap before GC invocations=1 (full 0):
 garbage-first heap   total 65536K, used 18864K [0x00000000c1600000, 0x0000000100000000)
  region size 1024K, 16 young (16384K), 2 survivors (2048K)
 Metaspace       used 18164K, committed 18432K, reserved 1114112K
  class space    used 1890K, committed 2048K, reserved 1048576K
}
Event: 14.345 GC heap after
{Heap after GC invocations=2 (full 0):
 garbage-first heap   total 65536K, used 6443K [0x00000000c1600000, 0x0000000100000000)
  region size 1024K, 2 young (2048K), 2 survivors (2048K)
 Metaspace       used 18164K, committed 18432K, reserved 1114112K
  class space    used 1890K, committed 2048K, reserved 1048576K
}

Dll operation events (9 events):
Event: 0.169 Loaded shared library C:\Users\NITHIN\Downloads\sts-4.24.0.RELEASE\plugins\org.eclipse.justj.openjdk.hotspot.jre.full.win32.x86_64_21.0.3.v20240426-1530\jre\bin\java.dll
Event: 1.540 Loaded shared library C:\Users\NITHIN\Downloads\sts-4.24.0.RELEASE\plugins\org.eclipse.justj.openjdk.hotspot.jre.full.win32.x86_64_21.0.3.v20240426-1530\jre\bin\zip.dll
Event: 3.525 Loaded shared library C:\Users\NITHIN\Downloads\sts-4.24.0.RELEASE\plugins\org.eclipse.justj.openjdk.hotspot.jre.full.win32.x86_64_21.0.3.v20240426-1530\jre\bin\jimage.dll
Event: 3.623 Loaded shared library C:\Users\NITHIN\Downloads\sts-4.24.0.RELEASE\plugins\org.eclipse.justj.openjdk.hotspot.jre.full.win32.x86_64_21.0.3.v20240426-1530\jre\bin\net.dll
Event: 3.637 Loaded shared library C:\Users\NITHIN\Downloads\sts-4.24.0.RELEASE\plugins\org.eclipse.justj.openjdk.hotspot.jre.full.win32.x86_64_21.0.3.v20240426-1530\jre\bin\nio.dll
Event: 3.673 Loaded shared library C:\Users\NITHIN\Downloads\sts-4.24.0.RELEASE\plugins\org.eclipse.justj.openjdk.hotspot.jre.full.win32.x86_64_21.0.3.v20240426-1530\jre\bin\zip.dll
Event: 5.763 Loaded shared library C:\Users\NITHIN\Downloads\sts-4.24.0.RELEASE\plugins\org.eclipse.justj.openjdk.hotspot.jre.full.win32.x86_64_21.0.3.v20240426-1530\jre\bin\management.dll
Event: 5.852 Loaded shared library C:\Users\NITHIN\Downloads\sts-4.24.0.RELEASE\plugins\org.eclipse.justj.openjdk.hotspot.jre.full.win32.x86_64_21.0.3.v20240426-1530\jre\bin\management_ext.dll
Event: 10.238 Loaded shared library C:\Users\NITHIN\Downloads\sts-4.24.0.RELEASE\plugins\org.eclipse.justj.openjdk.hotspot.jre.full.win32.x86_64_21.0.3.v20240426-1530\jre\bin\extnet.dll

Deoptimization events (0 events):
No events

Classes loaded (20 events):
Event: 14.746 Loading class java/time/DateTimeException done
Event: 14.746 Loading class java/time/format/DateTimeParseException done
Event: 14.750 Loading class java/time/OffsetTime
Event: 14.764 Loading class java/time/OffsetTime done
Event: 14.800 Loading class java/time/Year
Event: 14.808 Loading class java/time/Year done
Event: 14.811 Loading class java/time/Month
Event: 14.812 Loading class java/time/Month done
Event: 14.833 Loading class java/time/YearMonth
Event: 14.835 Loading class java/time/YearMonth done
Event: 14.841 Loading class java/time/MonthDay
Event: 14.844 Loading class java/time/MonthDay done
Event: 14.865 Loading class sun/reflect/generics/tree/CharSignature
Event: 14.865 Loading class sun/reflect/generics/tree/CharSignature done
Event: 14.865 Loading class sun/reflect/generics/tree/ArrayTypeSignature
Event: 14.865 Loading class sun/reflect/generics/tree/ArrayTypeSignature done
Event: 14.870 Loading class java/net/UnknownHostException
Event: 14.870 Loading class java/net/UnknownHostException done
Event: 15.063 Loading class sun/reflect/generics/tree/ByteSignature
Event: 15.063 Loading class sun/reflect/generics/tree/ByteSignature done

Classes unloaded (0 events):
No events

Classes redefined (0 events):
No events

Internal exceptions (20 events):
Event: 10.756 Thread 0x000002131b4f8630 Exception <a 'java/lang/NoSuchMethodError'{0x00000000c521c3a0}: static [B.<clinit>()V> (0x00000000c521c3a0) 
thrown [s\src\hotspot\share\prims\jni.cpp, line 1111]
Event: 10.763 Thread 0x000002131b4f8630 Exception <a 'java/lang/NoSuchMethodError'{0x00000000c521dea8}: 'java.lang.Object java.lang.invoke.DirectMethodHandle$Holder.invokeInterface(java.lang.Object, java.lang.Object, java.lang.Object)'> (0x00000000c521dea8) 
thrown [s\src\hotspot\share\interpreter\linkResolver.cpp, line 773]
Event: 10.795 Thread 0x000002131b4f8630 Exception <a 'java/lang/ClassNotFoundException'{0x00000000c5278768}: javax/management/remote/rmi/RMIConnectionImpl_Skel> (0x00000000c5278768) 
thrown [s\src\hotspot\share\classfile\systemDictionary.cpp, line 312]
Event: 10.808 Thread 0x000002131b4f8630 Exception <a 'java/lang/NoSuchMethodError'{0x00000000c52e8978}: 'java.lang.Object java.lang.invoke.DirectMethodHandle$Holder.invokeInterface(java.lang.Object, java.lang.Object)'> (0x00000000c52e8978) 
thrown [s\src\hotspot\share\interpreter\linkResolver.cpp, line 773]
Event: 10.818 Thread 0x000002131b51bf70 Exception <a 'java/lang/NoSuchMethodError'{0x00000000c511e430}: 'java.lang.Object java.lang.invoke.Invokers$Holder.linkToTargetMethod(java.lang.Object, long, java.lang.Object)'> (0x00000000c511e430) 
thrown [s\src\hotspot\share\interpreter\linkResolver.cpp, line 773]
Event: 10.822 Thread 0x000002131b4f8630 Exception <a 'java/lang/NoSuchMethodError'{0x00000000c51258e0}: 'java.lang.Object java.lang.invoke.DirectMethodHandle$Holder.invokeInterface(java.lang.Object, java.lang.Object, java.lang.Object, java.lang.Object, java.lang.Object)'> (0x00000000c51258e0) 
thrown [s\src\hotspot\share\interpreter\linkResolver.cpp, line 773]
Event: 10.825 Thread 0x000002131b4f8630 Exception <a 'java/lang/NoSuchMethodError'{0x00000000c5138df8}: 'java.lang.Object java.lang.invoke.Invokers$Holder.invokeExact_MT(java.lang.Object, java.lang.Object, java.lang.Object, java.lang.Object, java.lang.Object, java.lang.Object)'> (0x00000000c5138df8) 
thrown [s\src\hotspot\share\interpreter\linkResolver.cpp, line 773]
Event: 10.840 Thread 0x000002131b4f8630 Exception <a 'java/lang/NoSuchMethodError'{0x00000000c5168c00}: static [Ljava/lang/StackTraceElement;.<clinit>()V> (0x00000000c5168c00) 
thrown [s\src\hotspot\share\prims\jni.cpp, line 1111]
Event: 10.863 Thread 0x000002130c54f3c0 Exception <a 'java/lang/ClassNotFoundException'{0x00000000c5187348}: javax/smartcardio/CardPermission> (0x00000000c5187348) 
thrown [s\src\hotspot\share\classfile\systemDictionary.cpp, line 312]
Event: 10.872 Thread 0x000002130c54f3c0 Exception <a 'java/io/FileNotFoundException'{0x00000000c5195f88}> (0x00000000c5195f88) 
thrown [s\src\hotspot\share\prims\jni.cpp, line 520]
Event: 10.910 Thread 0x000002130c54f3c0 Exception <a 'java/lang/NoSuchMethodError'{0x00000000c51ef7f0}: 'java.lang.Object java.lang.invoke.DirectMethodHandle$Holder.invokeSpecial(java.lang.Object, java.lang.Object, java.lang.Object, long, java.lang.Object)'> (0x00000000c51ef7f0) 
thrown [s\src\hotspot\share\interpreter\linkResolver.cpp, line 773]
Event: 10.911 Thread 0x000002130c54f3c0 Exception <a 'java/lang/NoSuchMethodError'{0x00000000c51f3140}: 'java.lang.Object java.lang.invoke.Invokers$Holder.linkToTargetMethod(java.lang.Object, long, java.lang.Object, java.lang.Object)'> (0x00000000c51f3140) 
thrown [s\src\hotspot\share\interpreter\linkResolver.cpp, line 773]
Event: 11.519 Thread 0x000002130c54f3c0 Exception <a 'java/lang/NoSuchMethodError'{0x00000000c4fe79a8}: 'void java.lang.invoke.DirectMethodHandle$Holder.invokeStatic(java.lang.Object, java.lang.Object, java.lang.Object, java.lang.Object)'> (0x00000000c4fe79a8) 
thrown [s\src\hotspot\share\interpreter\linkResolver.cpp, line 773]
Event: 12.219 Thread 0x000002130c54f3c0 Exception <a 'java/lang/NoSuchMethodError'{0x00000000c4efe220}: 'int java.lang.invoke.DirectMethodHandle$Holder.invokeStaticInit(java.lang.Object, java.lang.Object)'> (0x00000000c4efe220) 
thrown [s\src\hotspot\share\interpreter\linkResolver.cpp, line 773]
Event: 12.374 Thread 0x000002130c54f3c0 Exception <a 'java/lang/NoSuchMethodError'{0x00000000c4d47858}: 'void java.lang.invoke.DirectMethodHandle$Holder.invokeInterface(java.lang.Object, java.lang.Object, java.lang.Object, java.lang.Object)'> (0x00000000c4d47858) 
thrown [s\src\hotspot\share\interpreter\linkResolver.cpp, line 773]
Event: 13.528 Thread 0x000002130c54f3c0 Exception <a 'java/lang/NoSuchMethodError'{0x00000000c4b3b838}: 'java.lang.Object java.lang.invoke.DirectMethodHandle$Holder.invokeSpecialIFC(java.lang.Object, java.lang.Object, java.lang.Object, java.lang.Object)'> (0x00000000c4b3b838) 
thrown [s\src\hotspot\share\interpreter\linkResolver.cpp, line 773]
Event: 14.361 Thread 0x000002131b51a530 Exception <a 'java/lang/NoSuchMethodError'{0x00000000c55765c8}: 'int java.lang.invoke.DirectMethodHandle$Holder.invokeStaticInit(java.lang.Object, java.lang.Object, java.lang.Object)'> (0x00000000c55765c8) 
thrown [s\src\hotspot\share\interpreter\linkResolver.cpp, line 773]
Event: 14.387 Thread 0x000002131b51a530 Exception <a 'java/lang/NoSuchMethodError'{0x00000000c55cfa20}: 'java.lang.Object java.lang.invoke.DirectMethodHandle$Holder.newInvokeSpecial(java.lang.Object, java.lang.Object, java.lang.Object, java.lang.Object, java.lang.Object)'> (0x00000000c55cfa20) 
thrown [s\src\hotspot\share\interpreter\linkResolver.cpp, line 773]
Event: 14.463 Thread 0x000002131b51a530 Exception <a 'java/lang/IncompatibleClassChangeError'{0x00000000c5488860}: Found class java.lang.Object, but interface was expected> (0x00000000c5488860) 
thrown [s\src\hotspot\share\interpreter\linkResolver.cpp, line 840]
Event: 14.522 Thread 0x000002131b51a530 Exception <a 'sun/nio/fs/WindowsException'{0x00000000c5307a48}> (0x00000000c5307a48) 
thrown [s\src\hotspot\share\prims\jni.cpp, line 520]

ZGC Phase Switch (0 events):
No events

VM Operations (20 events):
Event: 10.447 Executing VM operation: HandshakeAllThreads (Deoptimize)
Event: 10.447 Executing VM operation: HandshakeAllThreads (Deoptimize) done
Event: 10.713 Executing VM operation: HandshakeAllThreads (Deoptimize)
Event: 10.714 Executing VM operation: HandshakeAllThreads (Deoptimize) done
Event: 10.737 Executing VM operation: HandshakeAllThreads (Deoptimize)
Event: 10.747 Executing VM operation: HandshakeAllThreads (Deoptimize) done
Event: 10.749 Executing VM operation: HandshakeAllThreads (Deoptimize)
Event: 10.749 Executing VM operation: HandshakeAllThreads (Deoptimize) done
Event: 10.783 Executing VM operation: HandshakeAllThreads (Deoptimize)
Event: 10.793 Executing VM operation: HandshakeAllThreads (Deoptimize) done
Event: 11.794 Executing VM operation: Cleanup
Event: 11.794 Executing VM operation: Cleanup done
Event: 12.796 Executing VM operation: Cleanup
Event: 12.796 Executing VM operation: Cleanup done
Event: 13.810 Executing VM operation: Cleanup
Event: 13.811 Executing VM operation: Cleanup done
Event: 14.335 Executing VM operation: G1CollectForAllocation (G1 Evacuation Pause)
Event: 14.346 Executing VM operation: G1CollectForAllocation (G1 Evacuation Pause) done
Event: 14.541 Executing VM operation: HandshakeAllThreads (Deoptimize)
Event: 14.541 Executing VM operation: HandshakeAllThreads (Deoptimize) done

Events (19 events):
Event: 0.579 Thread 0x000002130c54f3c0 Thread added: 0x000002130c54f3c0
Event: 2.409 Thread 0x000002131674e930 Thread added: 0x000002131674e930
Event: 2.409 Thread 0x0000021316871590 Thread added: 0x0000021316871590
Event: 2.413 Thread 0x0000021316879770 Thread added: 0x0000021316879770
Event: 2.413 Thread 0x0000021316877ce0 Thread added: 0x0000021316877ce0
Event: 2.414 Thread 0x0000021316878740 Thread added: 0x0000021316878740
Event: 2.414 Thread 0x0000021316730690 Thread added: 0x0000021316730690
Event: 2.414 Thread 0x0000021316732100 Thread added: 0x0000021316732100
Event: 3.230 Thread 0x000002130c5f16e0 Thread added: 0x000002130c5f16e0
Event: 3.403 Thread 0x0000021316a6cb90 Thread added: 0x0000021316a6cb90
Event: 10.261 Thread 0x000002131b31fe80 Thread added: 0x000002131b31fe80
Event: 10.334 Thread 0x000002131b3c8a70 Thread added: 0x000002131b3c8a70
Event: 10.491 Thread 0x000002131b475f80 Thread added: 0x000002131b475f80
Event: 10.639 Thread 0x000002131b47f040 Thread added: 0x000002131b47f040
Event: 10.721 Thread 0x000002131b4f7fc0 Thread added: 0x000002131b4f7fc0
Event: 10.735 Thread 0x000002131b4f8630 Thread added: 0x000002131b4f8630
Event: 10.778 Thread 0x000002131b51bf70 Thread added: 0x000002131b51bf70
Event: 14.276 Thread 0x000002131b51b8e0 Thread added: 0x000002131b51b8e0
Event: 14.294 Thread 0x000002131b51a530 Thread added: 0x000002131b51a530


Dynamic libraries:
0x00007ff72b4e0000 - 0x00007ff72b4ee000 	C:\Users\NITHIN\Downloads\sts-4.24.0.RELEASE\plugins\org.eclipse.justj.openjdk.hotspot.jre.full.win32.x86_64_21.0.3.v20240426-1530\jre\bin\javaw.exe
0x00007ffed84f0000 - 0x00007ffed8707000 	C:\Windows\SYSTEM32\ntdll.dll
0x00007ffed7630000 - 0x00007ffed76f4000 	C:\Windows\System32\KERNEL32.DLL
0x00007ffed5db0000 - 0x00007ffed6156000 	C:\Windows\System32\KERNELBASE.dll
0x00007ffed5b70000 - 0x00007ffed5c81000 	C:\Windows\System32\ucrtbase.dll
0x00007ffec5b10000 - 0x00007ffec5b28000 	C:\Users\NITHIN\Downloads\sts-4.24.0.RELEASE\plugins\org.eclipse.justj.openjdk.hotspot.jre.full.win32.x86_64_21.0.3.v20240426-1530\jre\bin\jli.dll
0x00007ffed6f20000 - 0x00007ffed70cd000 	C:\Windows\System32\USER32.dll
0x00007ffed6220000 - 0x00007ffed6246000 	C:\Windows\System32\win32u.dll
0x00007ffed6300000 - 0x00007ffed6329000 	C:\Windows\System32\GDI32.dll
0x00007ffed5c90000 - 0x00007ffed5da8000 	C:\Windows\System32\gdi32full.dll
0x00007ffed5a60000 - 0x00007ffed5afa000 	C:\Windows\System32\msvcp_win.dll
0x00007ffec0810000 - 0x00007ffec082b000 	C:\Users\NITHIN\Downloads\sts-4.24.0.RELEASE\plugins\org.eclipse.justj.openjdk.hotspot.jre.full.win32.x86_64_21.0.3.v20240426-1530\jre\bin\VCRUNTIME140.dll
0x00007ffec3210000 - 0x00007ffec34a3000 	C:\Windows\WinSxS\amd64_microsoft.windows.common-controls_6595b64144ccf1df_6.0.22621.2361_none_2712ced57382f843\COMCTL32.dll
0x00007ffed6330000 - 0x00007ffed63d7000 	C:\Windows\System32\msvcrt.dll
0x00007ffed7870000 - 0x00007ffed78a1000 	C:\Windows\System32\IMM32.DLL
0x00007ffed21e0000 - 0x00007ffed21ec000 	C:\Users\NITHIN\Downloads\sts-4.24.0.RELEASE\plugins\org.eclipse.justj.openjdk.hotspot.jre.full.win32.x86_64_21.0.3.v20240426-1530\jre\bin\vcruntime140_1.dll
0x00007ffea9ee0000 - 0x00007ffea9f6e000 	C:\Users\NITHIN\Downloads\sts-4.24.0.RELEASE\plugins\org.eclipse.justj.openjdk.hotspot.jre.full.win32.x86_64_21.0.3.v20240426-1530\jre\bin\msvcp140.dll
0x00007ffe6e080000 - 0x00007ffe6ee02000 	C:\Users\NITHIN\Downloads\sts-4.24.0.RELEASE\plugins\org.eclipse.justj.openjdk.hotspot.jre.full.win32.x86_64_21.0.3.v20240426-1530\jre\bin\server\jvm.dll
0x00007ffed6ab0000 - 0x00007ffed6b60000 	C:\Windows\System32\ADVAPI32.dll
0x00007ffed6250000 - 0x00007ffed62f6000 	C:\Windows\System32\sechost.dll
0x00007ffed82a0000 - 0x00007ffed83b7000 	C:\Windows\System32\RPCRT4.dll
0x00007ffed6ea0000 - 0x00007ffed6f11000 	C:\Windows\System32\WS2_32.dll
0x00007ffed4700000 - 0x00007ffed474d000 	C:\Windows\SYSTEM32\POWRPROF.dll
0x00007ffece330000 - 0x00007ffece364000 	C:\Windows\SYSTEM32\WINMM.dll
0x00007ffecd670000 - 0x00007ffecd67a000 	C:\Windows\SYSTEM32\VERSION.dll
0x00007ffed46e0000 - 0x00007ffed46f3000 	C:\Windows\SYSTEM32\UMPDC.dll
0x00007ffed4940000 - 0x00007ffed4958000 	C:\Windows\SYSTEM32\kernel.appcore.dll
0x00007ffed2220000 - 0x00007ffed222a000 	C:\Users\NITHIN\Downloads\sts-4.24.0.RELEASE\plugins\org.eclipse.justj.openjdk.hotspot.jre.full.win32.x86_64_21.0.3.v20240426-1530\jre\bin\jimage.dll
0x00007ffebb680000 - 0x00007ffebb8ae000 	C:\Windows\SYSTEM32\DBGHELP.DLL
0x00007ffed66a0000 - 0x00007ffed6a2a000 	C:\Windows\System32\combase.dll
0x00007ffed83c0000 - 0x00007ffed8497000 	C:\Windows\System32\OLEAUT32.dll
0x00007ffeba770000 - 0x00007ffeba7a2000 	C:\Windows\SYSTEM32\dbgcore.DLL
0x00007ffed5870000 - 0x00007ffed58ea000 	C:\Windows\System32\bcryptPrimitives.dll
0x00007ffecc4d0000 - 0x00007ffecc4ef000 	C:\Users\NITHIN\Downloads\sts-4.24.0.RELEASE\plugins\org.eclipse.justj.openjdk.hotspot.jre.full.win32.x86_64_21.0.3.v20240426-1530\jre\bin\java.dll
0x00007ffec44d0000 - 0x00007ffec44e8000 	C:\Users\NITHIN\Downloads\sts-4.24.0.RELEASE\plugins\org.eclipse.justj.openjdk.hotspot.jre.full.win32.x86_64_21.0.3.v20240426-1530\jre\bin\zip.dll
0x00007ffed78c0000 - 0x00007ffed8118000 	C:\Windows\System32\SHELL32.dll
0x00007ffed37e0000 - 0x00007ffed40d2000 	C:\Windows\SYSTEM32\windows.storage.dll
0x00007ffed36a0000 - 0x00007ffed37de000 	C:\Windows\SYSTEM32\wintypes.dll
0x00007ffed81a0000 - 0x00007ffed8293000 	C:\Windows\System32\SHCORE.dll
0x00007ffed8120000 - 0x00007ffed817e000 	C:\Windows\System32\shlwapi.dll
0x00007ffed57a0000 - 0x00007ffed57c6000 	C:\Windows\SYSTEM32\profapi.dll
0x00007ffecf390000 - 0x00007ffecf3a0000 	C:\Users\NITHIN\Downloads\sts-4.24.0.RELEASE\plugins\org.eclipse.justj.openjdk.hotspot.jre.full.win32.x86_64_21.0.3.v20240426-1530\jre\bin\net.dll
0x00007ffecd8a0000 - 0x00007ffecd9d7000 	C:\Windows\SYSTEM32\WINHTTP.dll
0x00007ffed4e20000 - 0x00007ffed4e89000 	C:\Windows\system32\mswsock.dll
0x00007ffec4140000 - 0x00007ffec4156000 	C:\Users\NITHIN\Downloads\sts-4.24.0.RELEASE\plugins\org.eclipse.justj.openjdk.hotspot.jre.full.win32.x86_64_21.0.3.v20240426-1530\jre\bin\nio.dll
0x00007ffec2ac0000 - 0x00007ffec2aca000 	C:\Users\NITHIN\Downloads\sts-4.24.0.RELEASE\plugins\org.eclipse.justj.openjdk.hotspot.jre.full.win32.x86_64_21.0.3.v20240426-1530\jre\bin\management.dll
0x00007ffec1510000 - 0x00007ffec151b000 	C:\Users\NITHIN\Downloads\sts-4.24.0.RELEASE\plugins\org.eclipse.justj.openjdk.hotspot.jre.full.win32.x86_64_21.0.3.v20240426-1530\jre\bin\management_ext.dll
0x00007ffed84a0000 - 0x00007ffed84a8000 	C:\Windows\System32\PSAPI.DLL
0x00007ffeb2c00000 - 0x00007ffeb2c17000 	C:\Windows\system32\napinsp.dll
0x00007ffeb2be0000 - 0x00007ffeb2bfb000 	C:\Windows\system32\pnrpnsp.dll
0x00007ffed4420000 - 0x00007ffed4519000 	C:\Windows\SYSTEM32\DNSAPI.dll
0x00007ffed43f0000 - 0x00007ffed441d000 	C:\Windows\SYSTEM32\IPHLPAPI.DLL
0x00007ffed6c40000 - 0x00007ffed6c49000 	C:\Windows\System32\NSI.dll
0x00007ffeb2090000 - 0x00007ffeb20a1000 	C:\Windows\System32\winrnr.dll
0x00007ffecd650000 - 0x00007ffecd665000 	C:\Windows\system32\wshbth.dll
0x00007ffeb25c0000 - 0x00007ffeb25e1000 	C:\Windows\system32\nlansp_c.dll
0x00007ffecd620000 - 0x00007ffecd62a000 	C:\Windows\System32\rasadhlp.dll
0x00007ffecc290000 - 0x00007ffecc314000 	C:\Windows\System32\fwpuclnt.dll
0x00007ffed5080000 - 0x00007ffed509b000 	C:\Windows\SYSTEM32\CRYPTSP.dll
0x00007ffed4900000 - 0x00007ffed4935000 	C:\Windows\system32\rsaenh.dll
0x00007ffed4f10000 - 0x00007ffed4f3c000 	C:\Windows\SYSTEM32\USERENV.dll
0x00007ffed5230000 - 0x00007ffed5258000 	C:\Windows\SYSTEM32\bcrypt.dll
0x00007ffed5070000 - 0x00007ffed507c000 	C:\Windows\SYSTEM32\CRYPTBASE.dll
0x00007ffec3f40000 - 0x00007ffec3f49000 	C:\Users\NITHIN\Downloads\sts-4.24.0.RELEASE\plugins\org.eclipse.justj.openjdk.hotspot.jre.full.win32.x86_64_21.0.3.v20240426-1530\jre\bin\extnet.dll

dbghelp: loaded successfully - version: 4.0.5 - missing functions: none
symbol engine: initialized successfully - sym options: 0x614 - pdb path: .;C:\Users\NITHIN\Downloads\sts-4.24.0.RELEASE\plugins\org.eclipse.justj.openjdk.hotspot.jre.full.win32.x86_64_21.0.3.v20240426-1530\jre\bin;C:\Windows\SYSTEM32;C:\Windows\WinSxS\amd64_microsoft.windows.common-controls_6595b64144ccf1df_6.0.22621.2361_none_2712ced57382f843;C:\Users\NITHIN\Downloads\sts-4.24.0.RELEASE\plugins\org.eclipse.justj.openjdk.hotspot.jre.full.win32.x86_64_21.0.3.v20240426-1530\jre\bin\server

VM Arguments:
jvm_args: -Dcom.sun.management.jmxremote -Dcom.sun.management.jmxremote.port=51394 -Dcom.sun.management.jmxremote.authenticate=false -Dcom.sun.management.jmxremote.ssl=false -Djava.rmi.server.hostname=localhost -Dspring.jmx.enabled=true -Dmanagement.endpoints.jmx.exposure.include=* -Dspring.application.admin.enabled=true -XX:TieredStopAtLevel=1 -Dspring.boot.project.name=smart-bank -Dfile.encoding=UTF-8 -Dstdout.encoding=UTF-8 -Dstderr.encoding=UTF-8 -XX:+ShowCodeDetailsInExceptionMessages 
java_command: com.wipro.training.bank.SmartBankApplication --spring.output.ansi.enabled=always
java_class_path (initial): D:\capstone_workspace\smart-bank\target\classes;C:\Users\NITHIN\.m2\repository\org\springframework\boot\spring-boot-starter-data-mongodb\3.3.3\spring-boot-starter-data-mongodb-3.3.3.jar;C:\Users\NITHIN\.m2\repository\org\springframework\boot\spring-boot-starter\3.3.3\spring-boot-starter-3.3.3.jar;C:\Users\NITHIN\.m2\repository\org\springframework\boot\spring-boot-starter-logging\3.3.3\spring-boot-starter-logging-3.3.3.jar;C:\Users\NITHIN\.m2\repository\ch\qos\logback\logback-classic\1.5.7\logback-classic-1.5.7.jar;C:\Users\NITHIN\.m2\repository\ch\qos\logback\logback-core\1.5.7\logback-core-1.5.7.jar;C:\Users\NITHIN\.m2\repository\org\apache\logging\log4j\log4j-to-slf4j\2.23.1\log4j-to-slf4j-2.23.1.jar;C:\Users\NITHIN\.m2\repository\org\apache\logging\log4j\log4j-api\2.23.1\log4j-api-2.23.1.jar;C:\Users\NITHIN\.m2\repository\org\slf4j\jul-to-slf4j\2.0.16\jul-to-slf4j-2.0.16.jar;C:\Users\NITHIN\.m2\repository\jakarta\annotation\jakarta.annotation-api\2.1.1\jakarta.annotation-api-2.1.1.jar;C:\Users\NITHIN\.m2\repository\org\yaml\snakeyaml\2.2\snakeyaml-2.2.jar;C:\Users\NITHIN\.m2\repository\org\mongodb\mongodb-driver-sync\5.0.1\mongodb-driver-sync-5.0.1.jar;C:\Users\NITHIN\.m2\repository\org\mongodb\bson\5.0.1\bson-5.0.1.jar;C:\Users\NITHIN\.m2\repository\org\mongodb\mongodb-driver-core\5.0.1\mongodb-driver-core-5.0.1.jar;C:\Users\NITHIN\.m2\repository\org\mongodb\bson-record-codec\5.0.1\bson-record-codec-5.0.1.jar;C:\Users\NITHIN\.m2\repository\org\springframework\data\spring-data-mongodb\4.3.3\spring-data-mongodb-4.3.3.jar;C:\Users\NITHIN\.m2\repository\org\springframework\spring-tx\6.1.12\spring-tx-6.1.12.jar;C:\Users\NITHIN\.m2\repository\org\springframework\spring-context\6.1.12\spring-context-6.1.12.jar;C:\Users\NITHIN\.m2\repository\org\springframework\spring-beans\6.1.12\spring-beans-6.1.12.jar;C:\Users\NITHIN\.m2\repository\org\springframework\spring-expression\6.1.12\spring-expression-6.1.12.jar;C:\Users\NITHIN\.m2\repository\org\springframework\data\spring-data-commons\3.3.3\spring-data-commons-3.3.3.jar;C:\Users\NITHIN\.m2\repository\org\slf4j\slf4j-api\2.0.16\slf4j-api-2.0.16.jar;C:\Users\NITHIN\.m2\repository\org\springframework\boot\spring-boot-starter-web\3.3.3\spring-boot-starter-web-3.3.3.jar;C:\Users\NITHIN\.m2\repository\org\springframework\boot\spring-boot-starter-json\3.3.3\spring-boot-starter-json-3.3.3.jar;C:\Users\NITHIN\.m2\repository\com\fasterxml\jackson\core\jackson-databind\2.17.2\jackson-databind-2.17.2.jar;C:\Users\NITHIN\.m2\repository\com\fasterxml\jackson\core\jackson-annotations\2.17.2\jackson-annotations-2.17.2.jar;C:\Users\NITHIN\.m2\repository\com\fasterxml\jackson\core\jackson-core\2.17.2\jackson-core-2.17.2.jar;C:\Users\NITHIN\.m2\repository\com\fasterxml\jackson\datatype\jackson-datatype-jdk8\2.17.2\jackson-datatype-jdk8-2.17.2.jar;C:\Users\NITHIN\.m2\repository\com\fasterxml\jackson\datatype\jackson-datatype-jsr310\2.17.2\jackson-datatype-jsr310-2.17.2.jar;C:\Users\NITHIN\.m2\repository\com\fasterxml\jackson\module\jackson-module-parameter-names\2.17.2\jackson-module-parameter-names-2.17.2.jar;C:\Users\NITHIN\.m2\repository\org\springframework\boot\spring-boot-starter-tomcat\3.3.3\spring-boot-starter-tomcat-3.3.3.jar;C:\Users\NITHIN\.m2\repository\org\apache\tomcat\embed\tomcat-embed-core\10.1.28\tomcat-embed-core-10.1.28.jar;C:\Users\NITHIN\.m2\repository\org\apache\tomcat\embed\tomcat-embed-el\10.1.28\tomcat-embed-el-10.1.28.jar;C:\Users\NITHIN\.m2\repository\org\apache\tomcat\embed\tomcat-embed-websocket\10.1.28\tomcat-embed-websocket-10.1.28.jar;C:\Users\NITHIN\.m2\repository\org\springframework\spring-web\6.1.12\spring-web-6.1.12.jar;C:\Users\NITHIN\.m2\repository\io\micrometer\micrometer-observation\1.13.3\micrometer-observation-1.13.3.jar;C:\Users\NITHIN\.m2\repository\io\micrometer\micrometer-commons\1.13.3\micrometer-commons-1.13.3.jar;C:\Users\NITHIN\.m2\repository\org\springframework\spring-webmvc\6.1.12\spring-webmvc-6.1.12.jar;C:\Users\NITHIN\.m2\repository\org\springframework\spring-aop\6.1.12\spring-aop-6.1.12.jar;C:\Users\NITHIN\.m2\repository\org\springframework\boot\spring-boot-devtools\3.3.3\spring-boot-devtools-3.3.3.jar;C:\Users\NITHIN\.m2\repository\org\springframework\boot\spring-boot\3.3.3\spring-boot-3.3.3.jar;C:\Users\NITHIN\.m2\repository\org\springframework\boot\spring-boot-autoconfigure\3.3.3\spring-boot-autoconfigure-3.3.3.jar;C:\Users\NITHIN\.m2\repository\org\projectlombok\lombok\1.18.34\lombok-1.18.34.jar;C:\Users\NITHIN\.m2\repository\jakarta\xml\bind\jakarta.xml.bind-api\4.0.2\jakarta.xml.bind-api-4.0.2.jar;C:\Users\NITHIN\.m2\repository\jakarta\activation\jakarta.activation-api\2.1.3\jakarta.activation-api-2.1.3.jar;C:\Users\NITHIN\.m2\repository\org\springframework\spring-core\6.1.12\spring-core-6.1.12.jar;C:\Users\NITHIN\.m2\repository\org\springframework\spring-jcl\6.1.12\spring-jcl-6.1.12.jar;C:\Users\NITHIN\.m2\repository\org\springdoc\springdoc-openapi-starter-webmvc-ui\2.0.2\springdoc-openapi-starter-webmvc-ui-2.0.2.jar;C:\Users\NITHIN\.m2\repository\org\springdoc\springdoc-openapi-starter-webmvc-api\2.0.2\springdoc-openapi-starter-webmvc-api-2.0.2.jar;C:\Users\NITHIN\.m2\repository\org\springdoc\springdoc-openapi-starter-common\2.0.2\springdoc-openapi-starter-common-2.0.2.jar;C:\Users\NITHIN\.m2\repository\io\swagger\core\v3\swagger-core-jakarta\2.2.7\swagger-core-jakarta-2.2.7.jar;C:\Users\NITHIN\.m2\repository\org\apache\commons\commons-lang3\3.14.0\commons-lang3-3.14.0.jar;C:\Users\NITHIN\.m2\repository\io\swagger\core\v3\swagger-annotations-jakarta\2.2.7\swagger-annotations-jakarta-2.2.7.jar;C:\Users\NITHIN\.m2\repository\io\swagger\core\v3\swagger-models-jakarta\2.2.7\swagger-models-jakarta-2.2.7.jar;C:\Users\NITHIN\.m2\repository\jakarta\validation\jakarta.validation-api\3.0.2\jakarta.validation-api-3.0.2.jar;C:\Users\NITHIN\.m2\repository\com\fasterxml\jackson\dataformat\jackson-dataformat-yaml\2.17.2\jackson-dataformat-yaml-2.17.2.jar;C:\Users\NITHIN\.m2\repository\org\webjars\swagger-ui\4.15.5\swagger-ui-4.15.5.jar;C:\Users\NITHIN\.m2\repository\org\webjars\webjars-locator-core\0.58\webjars-locator-core-0.58.jar;C:\Users\NITHIN\.m2\repository\io\github\classgraph\classgraph\4.8.149\classgraph-4.8.149.jar
Launcher Type: SUN_STANDARD

[Global flags]
     intx CICompilerCount                          = 3                                         {product} {ergonomic}
     uint ConcGCThreads                            = 1                                         {product} {ergonomic}
     uint G1ConcRefinementThreads                  = 4                                         {product} {ergonomic}
   size_t G1HeapRegionSize                         = 1048576                                   {product} {ergonomic}
    uintx GCDrainStackTargetSize                   = 64                                        {product} {ergonomic}
   size_t InitialHeapSize                          = 67108864                                  {product} {ergonomic}
     bool ManagementServer                         = true                                      {product} {command line}
   size_t MarkStackSize                            = 4194304                                   {product} {ergonomic}
   size_t MaxHeapSize                              = 1050673152                                {product} {ergonomic}
   size_t MaxNewSize                               = 630194176                                 {product} {ergonomic}
   size_t MinHeapDeltaBytes                        = 1048576                                   {product} {ergonomic}
   size_t MinHeapSize                              = 8388608                                   {product} {ergonomic}
    uintx NonNMethodCodeHeapSize                   = 4096                                   {pd product} {ergonomic}
    uintx NonProfiledCodeHeapSize                  = 0                                      {pd product} {ergonomic}
     bool ProfileInterpreter                       = false                                  {pd product} {command line}
    uintx ProfiledCodeHeapSize                     = 0                                      {pd product} {ergonomic}
     bool ShowCodeDetailsInExceptionMessages       = true                                   {manageable} {command line}
   size_t SoftMaxHeapSize                          = 1050673152                             {manageable} {ergonomic}
     intx TieredStopAtLevel                        = 1                                         {product} {command line}
     bool UseCompressedOops                        = true                           {product lp64_product} {ergonomic}
     bool UseG1GC                                  = true                                      {product} {ergonomic}
     bool UseLargePagesIndividualAllocation        = false                                  {pd product} {ergonomic}

Logging:
Log output configuration:
 #0: stdout all=warning uptime,level,tags foldmultilines=false
 #1: stderr all=off uptime,level,tags foldmultilines=false

Environment Variables:
PATH=C:/Users/NITHIN/Downloads/sts-4.24.0.RELEASE//plugins/org.eclipse.justj.openjdk.hotspot.jre.full.win32.x86_64_21.0.3.v20240426-1530/jre/bin/server;C:/Users/NITHIN/Downloads/sts-4.24.0.RELEASE//plugins/org.eclipse.justj.openjdk.hotspot.jre.full.win32.x86_64_21.0.3.v20240426-1530/jre/bin;C:\Program Files\Common Files\Oracle\Java\javapath;C:\Windows\system32;C:\Windows;C:\Windows\System32\Wbem;C:\Windows\System32\WindowsPowerShell\v1.0\;C:\Windows\System32\OpenSSH\;D:\JAVA\bin;D:\NODE JS\;C:\ProgramData\Microsoft\Windows\Start Menu\Programs\Node.js;C:\Program Files\nodejs\;C:\Program Files\Git\cmd;C:\Users\NITHIN\AppData\Local\Microsoft\WindowsApps;D:\VS Code\Microsoft VS Code\bin;C:\Users\NITHIN\AppData\Local\Programs\mongosh\;C:\Users\NITHIN\AppData\Roaming\npm;C:\Users\NITHIN\Downloads\sts-4.24.0.RELEASE;
USERNAME=NITHIN
OS=Windows_NT
PROCESSOR_IDENTIFIER=Intel64 Family 6 Model 78 Stepping 3, GenuineIntel
TMP=C:\Users\NITHIN\AppData\Local\Temp
TEMP=C:\Users\NITHIN\AppData\Local\Temp




Periodic native trim disabled

---------------  S Y S T E M  ---------------

OS:
 Windows 11 , 64 bit Build 22621 (10.0.22621.2428)
OS uptime: 4 days 13:17 hours

CPU: total 4 (initial active 4) (2 cores per cpu, 2 threads per core) family 6 model 78 stepping 3 microcode 0xd6, cx8, cmov, fxsr, ht, mmx, 3dnowpref, sse, sse2, sse3, ssse3, sse4.1, sse4.2, popcnt, lzcnt, tsc, tscinvbit, avx, avx2, aes, erms, clmul, bmi1, bmi2, adx, fma, vzeroupper, clflush, clflushopt, rdtscp, f16c
Processor Information for all 4 processors :
  Max Mhz: 1992, Current Mhz: 1992, Mhz Limit: 1992

Memory: 4k page, system-wide physical 4001M (157M free)
TotalPageFile size 16289M (AvailPageFile size 0M)
current process WorkingSet (physical memory assigned to process): 86M, peak: 86M
current process commit charge ("private bytes"): 151M, peak: 151M

vm_info: OpenJDK 64-Bit Server VM (21.0.3+9-LTS) for windows-amd64 JRE (21.0.3+9-LTS), built on 2024-04-16T00:00:00Z by "admin" with MS VC++ 17.7 (VS2022)

END.
